This is pdfTeX, Version 3.14159265-2.6-1.40.16 (TeX Live 2015/Debian) (preloaded format=pdflatex 2018.12.18)  13 FEB 2019 17:01
entering extended mode
 restricted \write18 enabled.
 %&-line parsing enabled.
**Thesis.tex
(./Thesis.tex
LaTeX2e <2016/02/01>
Babel <3.9q> and hyphenation patterns for 81 language(s) loaded.
(./extreport.cls
Document Class: extreport 1996/10/08 v1.0 Non Standard LaTeX document class
(./size13.clo
File: size13.clo 1999/11/11 v1.4a NON-Standard LaTeX file (size option)
) (/usr/share/texlive/texmf-dist/tex/latex/base/exscale.sty
Package: exscale 2014/09/29 v2.1h Standard LaTeX package exscale
LaTeX Font Info:    Redeclaring symbol font `largesymbols' on input line 57.
LaTeX Font Info:    Overwriting symbol font `largesymbols' in version `normal'
(Font)                  OMX/cmex/m/n --> OMX/cmex/m/n on input line 57.
LaTeX Font Info:    Overwriting symbol font `largesymbols' in version `bold'
(Font)                  OMX/cmex/m/n --> OMX/cmex/m/n on input line 57.
\big@size=\dimen102
)
\c@part=\count79
\c@chapter=\count80
\c@section=\count81
\c@subsection=\count82
\c@subsubsection=\count83
\c@paragraph=\count84
\c@subparagraph=\count85
\c@figure=\count86
\c@table=\count87
\abovecaptionskip=\skip41
\belowcaptionskip=\skip42
\bibindent=\dimen103
)
(/usr/share/texlive/texmf-dist/tex/latex/graphics/graphicx.sty
Package: graphicx 2014/10/28 v1.0g Enhanced LaTeX Graphics (DPC,SPQR)

(/usr/share/texlive/texmf-dist/tex/latex/graphics/keyval.sty
Package: keyval 2014/10/28 v1.15 key=value parser (DPC)
\KV@toks@=\toks14
)
(/usr/share/texlive/texmf-dist/tex/latex/graphics/graphics.sty
Package: graphics 2016/01/03 v1.0q Standard LaTeX Graphics (DPC,SPQR)

(/usr/share/texlive/texmf-dist/tex/latex/graphics/trig.sty
Package: trig 2016/01/03 v1.10 sin cos tan (DPC)
)
(/usr/share/texlive/texmf-dist/tex/latex/latexconfig/graphics.cfg
File: graphics.cfg 2010/04/23 v1.9 graphics configuration of TeX Live
)
Package graphics Info: Driver file: pdftex.def on input line 95.

(/usr/share/texlive/texmf-dist/tex/latex/pdftex-def/pdftex.def
File: pdftex.def 2011/05/27 v0.06d Graphics/color for pdfTeX

(/usr/share/texlive/texmf-dist/tex/generic/oberdiek/infwarerr.sty
Package: infwarerr 2010/04/08 v1.3 Providing info/warning/error messages (HO)
)
(/usr/share/texlive/texmf-dist/tex/generic/oberdiek/ltxcmds.sty
Package: ltxcmds 2011/11/09 v1.22 LaTeX kernel commands for general use (HO)
)
\Gread@gobject=\count88
))
\Gin@req@height=\dimen104
\Gin@req@width=\dimen105
)
(/usr/share/texlive/texmf-dist/tex/latex/psnfss/mathptmx.sty
Package: mathptmx 2005/04/12 PSNFSS-v9.2a Times w/ Math, improved (SPQR, WaS) 
LaTeX Font Info:    Redeclaring symbol font `operators' on input line 28.
LaTeX Font Info:    Overwriting symbol font `operators' in version `normal'
(Font)                  OT1/cmr/m/n --> OT1/ztmcm/m/n on input line 28.
LaTeX Font Info:    Overwriting symbol font `operators' in version `bold'
(Font)                  OT1/cmr/bx/n --> OT1/ztmcm/m/n on input line 28.
LaTeX Font Info:    Redeclaring symbol font `letters' on input line 29.
LaTeX Font Info:    Overwriting symbol font `letters' in version `normal'
(Font)                  OML/cmm/m/it --> OML/ztmcm/m/it on input line 29.
LaTeX Font Info:    Overwriting symbol font `letters' in version `bold'
(Font)                  OML/cmm/b/it --> OML/ztmcm/m/it on input line 29.
LaTeX Font Info:    Redeclaring symbol font `symbols' on input line 30.
LaTeX Font Info:    Overwriting symbol font `symbols' in version `normal'
(Font)                  OMS/cmsy/m/n --> OMS/ztmcm/m/n on input line 30.
LaTeX Font Info:    Overwriting symbol font `symbols' in version `bold'
(Font)                  OMS/cmsy/b/n --> OMS/ztmcm/m/n on input line 30.
LaTeX Font Info:    Redeclaring symbol font `largesymbols' on input line 31.
LaTeX Font Info:    Overwriting symbol font `largesymbols' in version `normal'
(Font)                  OMX/cmex/m/n --> OMX/ztmcm/m/n on input line 31.
LaTeX Font Info:    Overwriting symbol font `largesymbols' in version `bold'
(Font)                  OMX/cmex/m/n --> OMX/ztmcm/m/n on input line 31.
\symbold=\mathgroup4
\symitalic=\mathgroup5
LaTeX Font Info:    Redeclaring math alphabet \mathbf on input line 34.
LaTeX Font Info:    Overwriting math alphabet `\mathbf' in version `normal'
(Font)                  OT1/cmr/bx/n --> OT1/ptm/bx/n on input line 34.
LaTeX Font Info:    Overwriting math alphabet `\mathbf' in version `bold'
(Font)                  OT1/cmr/bx/n --> OT1/ptm/bx/n on input line 34.
LaTeX Font Info:    Redeclaring math alphabet \mathit on input line 35.
LaTeX Font Info:    Overwriting math alphabet `\mathit' in version `normal'
(Font)                  OT1/cmr/m/it --> OT1/ptm/m/it on input line 35.
LaTeX Font Info:    Overwriting math alphabet `\mathit' in version `bold'
(Font)                  OT1/cmr/bx/it --> OT1/ptm/m/it on input line 35.
LaTeX Info: Redefining \hbar on input line 50.
)
(/usr/share/texlive/texmf-dist/tex/latex/amsmath/amsmath.sty
Package: amsmath 2016/03/03 v2.15a AMS math features
\@mathmargin=\skip43

For additional information on amsmath, use the `?' option.
(/usr/share/texlive/texmf-dist/tex/latex/amsmath/amstext.sty
Package: amstext 2000/06/29 v2.01 AMS text

(/usr/share/texlive/texmf-dist/tex/latex/amsmath/amsgen.sty
File: amsgen.sty 1999/11/30 v2.0 generic functions
\@emptytoks=\toks15
\ex@=\dimen106
))
(/usr/share/texlive/texmf-dist/tex/latex/amsmath/amsbsy.sty
Package: amsbsy 1999/11/29 v1.2d Bold Symbols
\pmbraise@=\dimen107
)
(/usr/share/texlive/texmf-dist/tex/latex/amsmath/amsopn.sty
Package: amsopn 1999/12/14 v2.01 operator names
)
\inf@bad=\count89
LaTeX Info: Redefining \frac on input line 199.
\uproot@=\count90
\leftroot@=\count91
LaTeX Info: Redefining \overline on input line 297.
\classnum@=\count92
\DOTSCASE@=\count93
LaTeX Info: Redefining \ldots on input line 394.
LaTeX Info: Redefining \dots on input line 397.
LaTeX Info: Redefining \cdots on input line 518.
\Mathstrutbox@=\box26
\strutbox@=\box27
\big@size=\dimen108
LaTeX Font Info:    Redeclaring font encoding OML on input line 630.
LaTeX Font Info:    Redeclaring font encoding OMS on input line 631.
\macc@depth=\count94
\c@MaxMatrixCols=\count95
\dotsspace@=\muskip10
\c@parentequation=\count96
\dspbrk@lvl=\count97
\tag@help=\toks16
\row@=\count98
\column@=\count99
\maxfields@=\count100
\andhelp@=\toks17
\eqnshift@=\dimen109
\alignsep@=\dimen110
\tagshift@=\dimen111
\tagwidth@=\dimen112
\totwidth@=\dimen113
\lineht@=\dimen114
\@envbody=\toks18
\multlinegap=\skip44
\multlinetaggap=\skip45
\mathdisplay@stack=\toks19
LaTeX Info: Redefining \[ on input line 2735.
LaTeX Info: Redefining \] on input line 2736.
)
(/usr/share/texlive/texmf-dist/tex/latex/amsfonts/amsfonts.sty
Package: amsfonts 2013/01/14 v3.01 Basic AMSFonts support
\symAMSa=\mathgroup6
\symAMSb=\mathgroup7
LaTeX Font Info:    Overwriting math alphabet `\mathfrak' in version `bold'
(Font)                  U/euf/m/n --> U/euf/b/n on input line 106.
)
(/usr/share/texlive/texmf-dist/tex/latex/amsfonts/amssymb.sty
Package: amssymb 2013/01/14 v3.01 AMS font symbols
)
(/usr/share/texlive/texmf-dist/tex/latex/fancyhdr/fancyhdr.sty
\fancy@headwidth=\skip46
\f@ncyO@elh=\skip47
\f@ncyO@erh=\skip48
\f@ncyO@olh=\skip49
\f@ncyO@orh=\skip50
\f@ncyO@elf=\skip51
\f@ncyO@erf=\skip52
\f@ncyO@olf=\skip53
\f@ncyO@orf=\skip54
)
(/usr/share/texlive/texmf-dist/tex/latex/amscls/amsthm.sty
Package: amsthm 2015/03/04 v2.20.2
\thm@style=\toks20
\thm@bodyfont=\toks21
\thm@headfont=\toks22
\thm@notefont=\toks23
\thm@headpunct=\toks24
\thm@preskip=\skip55
\thm@postskip=\skip56
\thm@headsep=\skip57
\dth@everypar=\toks25
)
(/usr/share/texlive/texmf-dist/tex/latex/amsmath/amsxtra.sty
Package: amsxtra 1999/11/15 v1.2c AMS extra commands
LaTeX Info: Redefining \nobreakspace on input line 54.
)
(/usr/share/texlive/texmf-dist/tex/latex/base/latexsym.sty
Package: latexsym 1998/08/17 v2.2e Standard LaTeX package (lasy symbols)
\symlasy=\mathgroup8
LaTeX Font Info:    Overwriting symbol font `lasy' in version `bold'
(Font)                  U/lasy/m/n --> U/lasy/b/n on input line 52.
)
(/usr/share/texlive/texmf-dist/tex/latex/amsmath/amscd.sty
Package: amscd 1999/11/29 v2.0 AMS Commutatitive Diagrams
\athelp@=\toks26
\minaw@=\dimen115
\bigaw@=\dimen116
\minCDarrowwidth=\dimen117
)
(/usr/share/texlive/texmf-dist/tex/latex/tools/bm.sty
Package: bm 2014/10/28 v1.1c Bold Symbol Support (DPC/FMi)
\symboldlasy=\mathgroup9
LaTeX Info: Redefining \bm on input line 207.
)
(/usr/share/texlive/texmf-dist/tex/latex/vntex/vietnam.sty
Package: vietnam 2009/07/12 v1.3 support for Vietnamese

(/usr/share/texlive/texmf-dist/tex/latex/base/ifthen.sty
Package: ifthen 2014/09/29 v1.1c Standard LaTeX ifthen package (DPC)
)
(/usr/share/texlive/texmf-dist/tex/latex/base/fontenc.sty
Package: fontenc 2005/09/27 v1.99g Standard LaTeX package

(/usr/share/texlive/texmf-dist/tex/latex/vntex/t5enc.def
File: t5enc.def 2006/11/21 v1.4 Vietnamese T5 encoding
)
LaTeX Font Info:    Try loading font information for T5+cmr on input line 105.

(/usr/share/texlive/texmf-dist/tex/latex/vntex/t5cmr.fd
File: t5cmr.fd 1999/05/25 v2.5h Standard LaTeX font definitions
))
(/usr/share/texlive/texmf-dist/tex/latex/base/inputenc.sty
Package: inputenc 2015/03/17 v1.2c Input encoding file
\inpenc@prehook=\toks27
\inpenc@posthook=\toks28

(/usr/share/texlive/texmf-dist/tex/latex/base/utf8.def
File: utf8.def 2015/12/03 v1.1r UTF-8 support for inputenc
Now handling font encoding OML ...
... no UTF-8 mapping file for font encoding OML
Now handling font encoding T1 ...
... processing UTF-8 mapping file for font encoding T1

(/usr/share/texlive/texmf-dist/tex/latex/base/t1enc.dfu
File: t1enc.dfu 2015/12/03 v1.1r UTF-8 support for inputenc
   defining Unicode char U+00A0 (decimal 160)
   defining Unicode char U+00A1 (decimal 161)
   defining Unicode char U+00A3 (decimal 163)
   defining Unicode char U+00AB (decimal 171)
   defining Unicode char U+00AD (decimal 173)
   defining Unicode char U+00BB (decimal 187)
   defining Unicode char U+00BF (decimal 191)
   defining Unicode char U+00C0 (decimal 192)
   defining Unicode char U+00C1 (decimal 193)
   defining Unicode char U+00C2 (decimal 194)
   defining Unicode char U+00C3 (decimal 195)
   defining Unicode char U+00C4 (decimal 196)
   defining Unicode char U+00C5 (decimal 197)
   defining Unicode char U+00C6 (decimal 198)
   defining Unicode char U+00C7 (decimal 199)
   defining Unicode char U+00C8 (decimal 200)
   defining Unicode char U+00C9 (decimal 201)
   defining Unicode char U+00CA (decimal 202)
   defining Unicode char U+00CB (decimal 203)
   defining Unicode char U+00CC (decimal 204)
   defining Unicode char U+00CD (decimal 205)
   defining Unicode char U+00CE (decimal 206)
   defining Unicode char U+00CF (decimal 207)
   defining Unicode char U+00D0 (decimal 208)
   defining Unicode char U+00D1 (decimal 209)
   defining Unicode char U+00D2 (decimal 210)
   defining Unicode char U+00D3 (decimal 211)
   defining Unicode char U+00D4 (decimal 212)
   defining Unicode char U+00D5 (decimal 213)
   defining Unicode char U+00D6 (decimal 214)
   defining Unicode char U+00D8 (decimal 216)
   defining Unicode char U+00D9 (decimal 217)
   defining Unicode char U+00DA (decimal 218)
   defining Unicode char U+00DB (decimal 219)
   defining Unicode char U+00DC (decimal 220)
   defining Unicode char U+00DD (decimal 221)
   defining Unicode char U+00DE (decimal 222)
   defining Unicode char U+00DF (decimal 223)
   defining Unicode char U+00E0 (decimal 224)
   defining Unicode char U+00E1 (decimal 225)
   defining Unicode char U+00E2 (decimal 226)
   defining Unicode char U+00E3 (decimal 227)
   defining Unicode char U+00E4 (decimal 228)
   defining Unicode char U+00E5 (decimal 229)
   defining Unicode char U+00E6 (decimal 230)
   defining Unicode char U+00E7 (decimal 231)
   defining Unicode char U+00E8 (decimal 232)
   defining Unicode char U+00E9 (decimal 233)
   defining Unicode char U+00EA (decimal 234)
   defining Unicode char U+00EB (decimal 235)
   defining Unicode char U+00EC (decimal 236)
   defining Unicode char U+00ED (decimal 237)
   defining Unicode char U+00EE (decimal 238)
   defining Unicode char U+00EF (decimal 239)
   defining Unicode char U+00F0 (decimal 240)
   defining Unicode char U+00F1 (decimal 241)
   defining Unicode char U+00F2 (decimal 242)
   defining Unicode char U+00F3 (decimal 243)
   defining Unicode char U+00F4 (decimal 244)
   defining Unicode char U+00F5 (decimal 245)
   defining Unicode char U+00F6 (decimal 246)
   defining Unicode char U+00F8 (decimal 248)
   defining Unicode char U+00F9 (decimal 249)
   defining Unicode char U+00FA (decimal 250)
   defining Unicode char U+00FB (decimal 251)
   defining Unicode char U+00FC (decimal 252)
   defining Unicode char U+00FD (decimal 253)
   defining Unicode char U+00FE (decimal 254)
   defining Unicode char U+00FF (decimal 255)
   defining Unicode char U+0100 (decimal 256)
   defining Unicode char U+0101 (decimal 257)
   defining Unicode char U+0102 (decimal 258)
   defining Unicode char U+0103 (decimal 259)
   defining Unicode char U+0104 (decimal 260)
   defining Unicode char U+0105 (decimal 261)
   defining Unicode char U+0106 (decimal 262)
   defining Unicode char U+0107 (decimal 263)
   defining Unicode char U+0108 (decimal 264)
   defining Unicode char U+0109 (decimal 265)
   defining Unicode char U+010A (decimal 266)
   defining Unicode char U+010B (decimal 267)
   defining Unicode char U+010C (decimal 268)
   defining Unicode char U+010D (decimal 269)
   defining Unicode char U+010E (decimal 270)
   defining Unicode char U+010F (decimal 271)
   defining Unicode char U+0110 (decimal 272)
   defining Unicode char U+0111 (decimal 273)
   defining Unicode char U+0112 (decimal 274)
   defining Unicode char U+0113 (decimal 275)
   defining Unicode char U+0114 (decimal 276)
   defining Unicode char U+0115 (decimal 277)
   defining Unicode char U+0116 (decimal 278)
   defining Unicode char U+0117 (decimal 279)
   defining Unicode char U+0118 (decimal 280)
   defining Unicode char U+0119 (decimal 281)
   defining Unicode char U+011A (decimal 282)
   defining Unicode char U+011B (decimal 283)
   defining Unicode char U+011C (decimal 284)
   defining Unicode char U+011D (decimal 285)
   defining Unicode char U+011E (decimal 286)
   defining Unicode char U+011F (decimal 287)
   defining Unicode char U+0120 (decimal 288)
   defining Unicode char U+0121 (decimal 289)
   defining Unicode char U+0122 (decimal 290)
   defining Unicode char U+0123 (decimal 291)
   defining Unicode char U+0124 (decimal 292)
   defining Unicode char U+0125 (decimal 293)
   defining Unicode char U+0128 (decimal 296)
   defining Unicode char U+0129 (decimal 297)
   defining Unicode char U+012A (decimal 298)
   defining Unicode char U+012B (decimal 299)
   defining Unicode char U+012C (decimal 300)
   defining Unicode char U+012D (decimal 301)
   defining Unicode char U+012E (decimal 302)
   defining Unicode char U+012F (decimal 303)
   defining Unicode char U+0130 (decimal 304)
   defining Unicode char U+0131 (decimal 305)
   defining Unicode char U+0132 (decimal 306)
   defining Unicode char U+0133 (decimal 307)
   defining Unicode char U+0134 (decimal 308)
   defining Unicode char U+0135 (decimal 309)
   defining Unicode char U+0136 (decimal 310)
   defining Unicode char U+0137 (decimal 311)
   defining Unicode char U+0139 (decimal 313)
   defining Unicode char U+013A (decimal 314)
   defining Unicode char U+013B (decimal 315)
   defining Unicode char U+013C (decimal 316)
   defining Unicode char U+013D (decimal 317)
   defining Unicode char U+013E (decimal 318)
   defining Unicode char U+0141 (decimal 321)
   defining Unicode char U+0142 (decimal 322)
   defining Unicode char U+0143 (decimal 323)
   defining Unicode char U+0144 (decimal 324)
   defining Unicode char U+0145 (decimal 325)
   defining Unicode char U+0146 (decimal 326)
   defining Unicode char U+0147 (decimal 327)
   defining Unicode char U+0148 (decimal 328)
   defining Unicode char U+014A (decimal 330)
   defining Unicode char U+014B (decimal 331)
   defining Unicode char U+014C (decimal 332)
   defining Unicode char U+014D (decimal 333)
   defining Unicode char U+014E (decimal 334)
   defining Unicode char U+014F (decimal 335)
   defining Unicode char U+0150 (decimal 336)
   defining Unicode char U+0151 (decimal 337)
   defining Unicode char U+0152 (decimal 338)
   defining Unicode char U+0153 (decimal 339)
   defining Unicode char U+0154 (decimal 340)
   defining Unicode char U+0155 (decimal 341)
   defining Unicode char U+0156 (decimal 342)
   defining Unicode char U+0157 (decimal 343)
   defining Unicode char U+0158 (decimal 344)
   defining Unicode char U+0159 (decimal 345)
   defining Unicode char U+015A (decimal 346)
   defining Unicode char U+015B (decimal 347)
   defining Unicode char U+015C (decimal 348)
   defining Unicode char U+015D (decimal 349)
   defining Unicode char U+015E (decimal 350)
   defining Unicode char U+015F (decimal 351)
   defining Unicode char U+0160 (decimal 352)
   defining Unicode char U+0161 (decimal 353)
   defining Unicode char U+0162 (decimal 354)
   defining Unicode char U+0163 (decimal 355)
   defining Unicode char U+0164 (decimal 356)
   defining Unicode char U+0165 (decimal 357)
   defining Unicode char U+0168 (decimal 360)
   defining Unicode char U+0169 (decimal 361)
   defining Unicode char U+016A (decimal 362)
   defining Unicode char U+016B (decimal 363)
   defining Unicode char U+016C (decimal 364)
   defining Unicode char U+016D (decimal 365)
   defining Unicode char U+016E (decimal 366)
   defining Unicode char U+016F (decimal 367)
   defining Unicode char U+0170 (decimal 368)
   defining Unicode char U+0171 (decimal 369)
   defining Unicode char U+0172 (decimal 370)
   defining Unicode char U+0173 (decimal 371)
   defining Unicode char U+0174 (decimal 372)
   defining Unicode char U+0175 (decimal 373)
   defining Unicode char U+0176 (decimal 374)
   defining Unicode char U+0177 (decimal 375)
   defining Unicode char U+0178 (decimal 376)
   defining Unicode char U+0179 (decimal 377)
   defining Unicode char U+017A (decimal 378)
   defining Unicode char U+017B (decimal 379)
   defining Unicode char U+017C (decimal 380)
   defining Unicode char U+017D (decimal 381)
   defining Unicode char U+017E (decimal 382)
   defining Unicode char U+01CD (decimal 461)
   defining Unicode char U+01CE (decimal 462)
   defining Unicode char U+01CF (decimal 463)
   defining Unicode char U+01D0 (decimal 464)
   defining Unicode char U+01D1 (decimal 465)
   defining Unicode char U+01D2 (decimal 466)
   defining Unicode char U+01D3 (decimal 467)
   defining Unicode char U+01D4 (decimal 468)
   defining Unicode char U+01E2 (decimal 482)
   defining Unicode char U+01E3 (decimal 483)
   defining Unicode char U+01E6 (decimal 486)
   defining Unicode char U+01E7 (decimal 487)
   defining Unicode char U+01E8 (decimal 488)
   defining Unicode char U+01E9 (decimal 489)
   defining Unicode char U+01EA (decimal 490)
   defining Unicode char U+01EB (decimal 491)
   defining Unicode char U+01F0 (decimal 496)
   defining Unicode char U+01F4 (decimal 500)
   defining Unicode char U+01F5 (decimal 501)
   defining Unicode char U+0218 (decimal 536)
   defining Unicode char U+0219 (decimal 537)
   defining Unicode char U+021A (decimal 538)
   defining Unicode char U+021B (decimal 539)
   defining Unicode char U+01E02 (decimal 7682)
   defining Unicode char U+01E03 (decimal 7683)
   defining Unicode char U+200C (decimal 8204)
   defining Unicode char U+2013 (decimal 8211)
   defining Unicode char U+2014 (decimal 8212)
   defining Unicode char U+2018 (decimal 8216)
   defining Unicode char U+2019 (decimal 8217)
   defining Unicode char U+201A (decimal 8218)
   defining Unicode char U+201C (decimal 8220)
   defining Unicode char U+201D (decimal 8221)
   defining Unicode char U+201E (decimal 8222)
   defining Unicode char U+2030 (decimal 8240)
   defining Unicode char U+2031 (decimal 8241)
   defining Unicode char U+2039 (decimal 8249)
   defining Unicode char U+203A (decimal 8250)
   defining Unicode char U+2423 (decimal 9251)
)
Now handling font encoding OT1 ...
... processing UTF-8 mapping file for font encoding OT1

(/usr/share/texlive/texmf-dist/tex/latex/base/ot1enc.dfu
File: ot1enc.dfu 2015/12/03 v1.1r UTF-8 support for inputenc
   defining Unicode char U+00A0 (decimal 160)
   defining Unicode char U+00A1 (decimal 161)
   defining Unicode char U+00A3 (decimal 163)
   defining Unicode char U+00AD (decimal 173)
   defining Unicode char U+00B8 (decimal 184)
   defining Unicode char U+00BF (decimal 191)
   defining Unicode char U+00C5 (decimal 197)
   defining Unicode char U+00C6 (decimal 198)
   defining Unicode char U+00D8 (decimal 216)
   defining Unicode char U+00DF (decimal 223)
   defining Unicode char U+00E6 (decimal 230)
   defining Unicode char U+00EC (decimal 236)
   defining Unicode char U+00ED (decimal 237)
   defining Unicode char U+00EE (decimal 238)
   defining Unicode char U+00EF (decimal 239)
   defining Unicode char U+00F8 (decimal 248)
   defining Unicode char U+0131 (decimal 305)
   defining Unicode char U+0141 (decimal 321)
   defining Unicode char U+0142 (decimal 322)
   defining Unicode char U+0152 (decimal 338)
   defining Unicode char U+0153 (decimal 339)
   defining Unicode char U+0174 (decimal 372)
   defining Unicode char U+0175 (decimal 373)
   defining Unicode char U+0176 (decimal 374)
   defining Unicode char U+0177 (decimal 375)
   defining Unicode char U+0218 (decimal 536)
   defining Unicode char U+0219 (decimal 537)
   defining Unicode char U+021A (decimal 538)
   defining Unicode char U+021B (decimal 539)
   defining Unicode char U+2013 (decimal 8211)
   defining Unicode char U+2014 (decimal 8212)
   defining Unicode char U+2018 (decimal 8216)
   defining Unicode char U+2019 (decimal 8217)
   defining Unicode char U+201C (decimal 8220)
   defining Unicode char U+201D (decimal 8221)
)
Now handling font encoding OMS ...
... processing UTF-8 mapping file for font encoding OMS

(/usr/share/texlive/texmf-dist/tex/latex/base/omsenc.dfu
File: omsenc.dfu 2015/12/03 v1.1r UTF-8 support for inputenc
   defining Unicode char U+00A7 (decimal 167)
   defining Unicode char U+00B6 (decimal 182)
   defining Unicode char U+00B7 (decimal 183)
   defining Unicode char U+2020 (decimal 8224)
   defining Unicode char U+2021 (decimal 8225)
   defining Unicode char U+2022 (decimal 8226)
)
Now handling font encoding OMX ...
... no UTF-8 mapping file for font encoding OMX
Now handling font encoding U ...
... no UTF-8 mapping file for font encoding U
Now handling font encoding T5 ...
... processing UTF-8 mapping file for font encoding T5

(/usr/share/texlive/texmf-dist/tex/latex/vntex/t5enc.dfu
File: t5enc.dfu 2006/08/19 v1.1 UTF8 support for Vietnamese
   defining Unicode char U+00AB (decimal 171)
   defining Unicode char U+00BB (decimal 187)
   defining Unicode char U+00C0 (decimal 192)
   defining Unicode char U+00C1 (decimal 193)
   defining Unicode char U+00C2 (decimal 194)
   defining Unicode char U+00C3 (decimal 195)
   defining Unicode char U+00C8 (decimal 200)
   defining Unicode char U+00C9 (decimal 201)
   defining Unicode char U+00CA (decimal 202)
   defining Unicode char U+00CC (decimal 204)
   defining Unicode char U+00CD (decimal 205)
   defining Unicode char U+00D2 (decimal 210)
   defining Unicode char U+00D3 (decimal 211)
   defining Unicode char U+00D4 (decimal 212)
   defining Unicode char U+00D5 (decimal 213)
   defining Unicode char U+00D9 (decimal 217)
   defining Unicode char U+00DA (decimal 218)
   defining Unicode char U+00DD (decimal 221)
   defining Unicode char U+00E0 (decimal 224)
   defining Unicode char U+00E1 (decimal 225)
   defining Unicode char U+00E2 (decimal 226)
   defining Unicode char U+00E3 (decimal 227)
   defining Unicode char U+00E8 (decimal 232)
   defining Unicode char U+00E9 (decimal 233)
   defining Unicode char U+00EA (decimal 234)
   defining Unicode char U+00EC (decimal 236)
   defining Unicode char U+00ED (decimal 237)
   defining Unicode char U+00F2 (decimal 242)
   defining Unicode char U+00F3 (decimal 243)
   defining Unicode char U+00F4 (decimal 244)
   defining Unicode char U+00F5 (decimal 245)
   defining Unicode char U+00F9 (decimal 249)
   defining Unicode char U+00FA (decimal 250)
   defining Unicode char U+00FD (decimal 253)
   defining Unicode char U+0102 (decimal 258)
   defining Unicode char U+0103 (decimal 259)
   defining Unicode char U+0110 (decimal 272)
   defining Unicode char U+0111 (decimal 273)
   defining Unicode char U+0128 (decimal 296)
   defining Unicode char U+0129 (decimal 297)
   defining Unicode char U+0131 (decimal 305)
   defining Unicode char U+0168 (decimal 360)
   defining Unicode char U+0169 (decimal 361)
   defining Unicode char U+01A0 (decimal 416)
   defining Unicode char U+01A1 (decimal 417)
   defining Unicode char U+01AF (decimal 431)
   defining Unicode char U+01B0 (decimal 432)
   defining Unicode char U+1EA0 (decimal 7840)
   defining Unicode char U+1EA1 (decimal 7841)
   defining Unicode char U+1EA2 (decimal 7842)
   defining Unicode char U+1EA3 (decimal 7843)
   defining Unicode char U+1EA4 (decimal 7844)
   defining Unicode char U+1EA5 (decimal 7845)
   defining Unicode char U+1EA6 (decimal 7846)
   defining Unicode char U+1EA7 (decimal 7847)
   defining Unicode char U+1EA8 (decimal 7848)
   defining Unicode char U+1EA9 (decimal 7849)
   defining Unicode char U+1EAA (decimal 7850)
   defining Unicode char U+1EAB (decimal 7851)
   defining Unicode char U+1EAC (decimal 7852)
   defining Unicode char U+1EAD (decimal 7853)
   defining Unicode char U+1EAE (decimal 7854)
   defining Unicode char U+1EAF (decimal 7855)
   defining Unicode char U+1EB0 (decimal 7856)
   defining Unicode char U+1EB1 (decimal 7857)
   defining Unicode char U+1EB2 (decimal 7858)
   defining Unicode char U+1EB3 (decimal 7859)
   defining Unicode char U+1EB4 (decimal 7860)
   defining Unicode char U+1EB5 (decimal 7861)
   defining Unicode char U+1EB6 (decimal 7862)
   defining Unicode char U+1EB7 (decimal 7863)
   defining Unicode char U+1EB8 (decimal 7864)
   defining Unicode char U+1EB9 (decimal 7865)
   defining Unicode char U+1EBA (decimal 7866)
   defining Unicode char U+1EBB (decimal 7867)
   defining Unicode char U+1EBC (decimal 7868)
   defining Unicode char U+1EBD (decimal 7869)
   defining Unicode char U+1EBE (decimal 7870)
   defining Unicode char U+1EBF (decimal 7871)
   defining Unicode char U+1EC0 (decimal 7872)
   defining Unicode char U+1EC1 (decimal 7873)
   defining Unicode char U+1EC2 (decimal 7874)
   defining Unicode char U+1EC3 (decimal 7875)
   defining Unicode char U+1EC4 (decimal 7876)
   defining Unicode char U+1EC5 (decimal 7877)
   defining Unicode char U+1EC6 (decimal 7878)
   defining Unicode char U+1EC7 (decimal 7879)
   defining Unicode char U+1EC8 (decimal 7880)
   defining Unicode char U+1EC9 (decimal 7881)
   defining Unicode char U+1ECA (decimal 7882)
   defining Unicode char U+1ECB (decimal 7883)
   defining Unicode char U+1ECC (decimal 7884)
   defining Unicode char U+1ECD (decimal 7885)
   defining Unicode char U+1ECE (decimal 7886)
   defining Unicode char U+1ECF (decimal 7887)
   defining Unicode char U+1ED0 (decimal 7888)
   defining Unicode char U+1ED1 (decimal 7889)
   defining Unicode char U+1ED2 (decimal 7890)
   defining Unicode char U+1ED3 (decimal 7891)
   defining Unicode char U+1ED4 (decimal 7892)
   defining Unicode char U+1ED5 (decimal 7893)
   defining Unicode char U+1ED6 (decimal 7894)
   defining Unicode char U+1ED7 (decimal 7895)
   defining Unicode char U+1ED8 (decimal 7896)
   defining Unicode char U+1ED9 (decimal 7897)
   defining Unicode char U+1EDA (decimal 7898)
   defining Unicode char U+1EDB (decimal 7899)
   defining Unicode char U+1EDC (decimal 7900)
   defining Unicode char U+1EDD (decimal 7901)
   defining Unicode char U+1EDE (decimal 7902)
   defining Unicode char U+1EDF (decimal 7903)
   defining Unicode char U+1EE0 (decimal 7904)
   defining Unicode char U+1EE1 (decimal 7905)
   defining Unicode char U+1EE2 (decimal 7906)
   defining Unicode char U+1EE3 (decimal 7907)
   defining Unicode char U+1EE4 (decimal 7908)
   defining Unicode char U+1EE5 (decimal 7909)
   defining Unicode char U+1EE6 (decimal 7910)
   defining Unicode char U+1EE7 (decimal 7911)
   defining Unicode char U+1EE8 (decimal 7912)
   defining Unicode char U+1EE9 (decimal 7913)
   defining Unicode char U+1EEA (decimal 7914)
   defining Unicode char U+1EEB (decimal 7915)
   defining Unicode char U+1EEC (decimal 7916)
   defining Unicode char U+1EED (decimal 7917)
   defining Unicode char U+1EEE (decimal 7918)
   defining Unicode char U+1EEF (decimal 7919)
   defining Unicode char U+1EF0 (decimal 7920)
   defining Unicode char U+1EF1 (decimal 7921)
   defining Unicode char U+1EF2 (decimal 7922)
   defining Unicode char U+1EF3 (decimal 7923)
   defining Unicode char U+1EF4 (decimal 7924)
   defining Unicode char U+1EF5 (decimal 7925)
   defining Unicode char U+1EF6 (decimal 7926)
   defining Unicode char U+1EF7 (decimal 7927)
   defining Unicode char U+1EF8 (decimal 7928)
   defining Unicode char U+1EF9 (decimal 7929)
   defining Unicode char U+200C (decimal 8204)
   defining Unicode char U+2013 (decimal 8211)
   defining Unicode char U+2014 (decimal 8212)
   defining Unicode char U+2018 (decimal 8216)
   defining Unicode char U+2019 (decimal 8217)
   defining Unicode char U+201A (decimal 8218)
   defining Unicode char U+201C (decimal 8220)
   defining Unicode char U+201D (decimal 8221)
   defining Unicode char U+201E (decimal 8222)
   defining Unicode char U+2030 (decimal 8240)
   defining Unicode char U+2031 (decimal 8241)
   defining Unicode char U+2039 (decimal 8249)
   defining Unicode char U+203A (decimal 8250)
   defining Unicode char U+2423 (decimal 9251)
)
   defining Unicode char U+00A9 (decimal 169)
   defining Unicode char U+00AA (decimal 170)
   defining Unicode char U+00AE (decimal 174)
   defining Unicode char U+00BA (decimal 186)
   defining Unicode char U+02C6 (decimal 710)
   defining Unicode char U+02DC (decimal 732)
   defining Unicode char U+200C (decimal 8204)
   defining Unicode char U+2026 (decimal 8230)
   defining Unicode char U+2122 (decimal 8482)
   defining Unicode char U+2423 (decimal 9251)
))
(/usr/share/texlive/texmf-dist/tex/latex/vntex/vncaps.tex
File: vncaps.tex 2006/06/07 v1.1 Captions in Vietnamese
))
(/usr/share/texlive/texmf-dist/tex/latex/geometry/geometry.sty
Package: geometry 2010/09/12 v5.6 Page Geometry

(/usr/share/texlive/texmf-dist/tex/generic/oberdiek/ifpdf.sty
Package: ifpdf 2011/01/30 v2.3 Provides the ifpdf switch (HO)
Package ifpdf Info: pdfTeX in PDF mode is detected.
)
(/usr/share/texlive/texmf-dist/tex/generic/oberdiek/ifvtex.sty
Package: ifvtex 2010/03/01 v1.5 Detect VTeX and its facilities (HO)
Package ifvtex Info: VTeX not detected.
)
(/usr/share/texlive/texmf-dist/tex/generic/ifxetex/ifxetex.sty
Package: ifxetex 2010/09/12 v0.6 Provides ifxetex conditional
)
\Gm@cnth=\count101
\Gm@cntv=\count102
\c@Gm@tempcnt=\count103
\Gm@bindingoffset=\dimen118
\Gm@wd@mp=\dimen119
\Gm@odd@mp=\dimen120
\Gm@even@mp=\dimen121
\Gm@layoutwidth=\dimen122
\Gm@layoutheight=\dimen123
\Gm@layouthoffset=\dimen124
\Gm@layoutvoffset=\dimen125
\Gm@dimlist=\toks29
)
(/usr/share/texlive/texmf-dist/tex/latex/tocloft/tocloft.sty
Package: tocloft 2013/05/02 v2.3f parameterised ToC, etc., typesetting
Package tocloft Info: The document has chapter divisions on input line 44.
\cftparskip=\skip58
\cftbeforetoctitleskip=\skip59
\cftaftertoctitleskip=\skip60
\cftbeforepartskip=\skip61
\cftpartnumwidth=\skip62
\cftpartindent=\skip63
\cftbeforechapskip=\skip64
\cftchapindent=\skip65
\cftchapnumwidth=\skip66
\cftbeforesecskip=\skip67
\cftsecindent=\skip68
\cftsecnumwidth=\skip69
\cftbeforesubsecskip=\skip70
\cftsubsecindent=\skip71
\cftsubsecnumwidth=\skip72
\cftbeforesubsubsecskip=\skip73
\cftsubsubsecindent=\skip74
\cftsubsubsecnumwidth=\skip75
\cftbeforeparaskip=\skip76
\cftparaindent=\skip77
\cftparanumwidth=\skip78
\cftbeforesubparaskip=\skip79
\cftsubparaindent=\skip80
\cftsubparanumwidth=\skip81
\cftbeforeloftitleskip=\skip82
\cftafterloftitleskip=\skip83
\cftbeforefigskip=\skip84
\cftfigindent=\skip85
\cftfignumwidth=\skip86
\c@lofdepth=\count104
\c@lotdepth=\count105
\cftbeforelottitleskip=\skip87
\cftafterlottitleskip=\skip88
\cftbeforetabskip=\skip89
\cfttabindent=\skip90
\cfttabnumwidth=\skip91
)
(/usr/share/texlive/texmf-dist/tex/latex/type1cm/type1cm.sty
Package: type1cm 2002/09/05 v0.04 BlueSky/Y&Y Type1 CM font definitions (DPC, p
atched RF)
) (./vector.sty
Package: vector 1994/09/16 v1.0 vector macros for LaTeX2e (nde)

(/usr/share/texlive/texmf-dist/tex/latex/tools/calc.sty
Package: calc 2014/10/28 v4.3 Infix arithmetic (KKT,FJ)
\calc@Acount=\count106
\calc@Bcount=\count107
\calc@Adimen=\dimen126
\calc@Bdimen=\dimen127
\calc@Askip=\skip92
\calc@Bskip=\skip93
LaTeX Info: Redefining \setlength on input line 80.
LaTeX Info: Redefining \addtolength on input line 81.
\calc@Ccount=\count108
\calc@Cskip=\skip94
)
\c@vec@elem=\count109
)
(/usr/share/texlive/texmf-dist/tex/latex/graphics/color.sty
Package: color 2016/01/03 v1.1b Standard LaTeX Color (DPC)

(/usr/share/texlive/texmf-dist/tex/latex/latexconfig/color.cfg
File: color.cfg 2007/01/18 v1.5 color configuration of teTeX/TeXLive
)
Package color Info: Driver file: pdftex.def on input line 143.
)
(/usr/share/texlive/texmf-dist/tex/latex/xcolor/xcolor.sty
Package: xcolor 2007/01/21 v2.11 LaTeX color extensions (UK)

(/usr/share/texlive/texmf-dist/tex/latex/latexconfig/color.cfg
File: color.cfg 2007/01/18 v1.5 color configuration of teTeX/TeXLive
)
Package xcolor Info: Package option `usenames' ignored on input line 216.
Package xcolor Info: Driver file: pdftex.def on input line 225.
LaTeX Info: Redefining \color on input line 702.
Package xcolor Info: Model `cmy' substituted by `cmy0' on input line 1337.
Package xcolor Info: Model `hsb' substituted by `rgb' on input line 1341.
Package xcolor Info: Model `RGB' extended on input line 1353.
Package xcolor Info: Model `HTML' substituted by `rgb' on input line 1355.
Package xcolor Info: Model `Hsb' substituted by `hsb' on input line 1356.
Package xcolor Info: Model `tHsb' substituted by `hsb' on input line 1357.
Package xcolor Info: Model `HSB' substituted by `hsb' on input line 1358.
Package xcolor Info: Model `Gray' substituted by `gray' on input line 1359.
Package xcolor Info: Model `wave' substituted by `hsb' on input line 1360.

(/usr/share/texlive/texmf-dist/tex/latex/graphics/dvipsnam.def
File: dvipsnam.def 2015/12/30 v3.0k Driver-dependent file (DPC,SPQR)
))
(/usr/share/texlive/texmf-dist/tex/latex/caption/subcaption.sty

LaTeX Warning: You have requested package `caption/subcaption',
               but the package provides `subcaption'.

Package: subcaption 2016/02/20 v1.1-142 Sub-captions (AR)
(/usr/share/texlive/texmf-dist/tex/latex/caption/caption.sty
Package: caption 2016/02/21 v3.3-144 Customizing captions (AR)

(/usr/share/texlive/texmf-dist/tex/latex/caption/caption3.sty
Package: caption3 2016/02/04 v1.7-139 caption3 kernel (AR)
Package caption3 Info: TeX engine: e-TeX on input line 67.
\captionmargin=\dimen128
\captionmargin@=\dimen129
\captionwidth=\dimen130
\caption@tempdima=\dimen131
\caption@indent=\dimen132
\caption@parindent=\dimen133
\caption@hangindent=\dimen134
)
\c@ContinuedFloat=\count110
)
\c@subfigure=\count111
\c@subtable=\count112
)
(/usr/share/texlive/texmf-dist/tex/latex/placeins/placeins.sty
Package: placeins 2005/04/18  v 2.2
)
(/usr/share/texlive/texmf-dist/tex/latex/pbox/pbox.sty
Package: pbox 2011/12/07 v1.2 Dynamic parboxes
\pb@xlen=\skip95
)
(/usr/share/texlive/texmf-dist/tex/latex/framed/framed.sty
Package: framed 2011/10/22 v 0.96: framed or shaded text with page breaks
\OuterFrameSep=\skip96
\fb@frw=\dimen135
\fb@frh=\dimen136
\FrameRule=\dimen137
\FrameSep=\dimen138
)
(/usr/share/texlive/texmf-dist/tex/latex/url/url.sty
\Urlmuskip=\muskip11
Package: url 2013/09/16  ver 3.4  Verb mode for urls, etc.
)
(/usr/share/texlive/texmf-dist/tex/latex/hyperref/hyperref.sty
Package: hyperref 2012/11/06 v6.83m Hypertext links for LaTeX

(/usr/share/texlive/texmf-dist/tex/generic/oberdiek/hobsub-hyperref.sty
Package: hobsub-hyperref 2012/05/28 v1.13 Bundle oberdiek, subset hyperref (HO)


(/usr/share/texlive/texmf-dist/tex/generic/oberdiek/hobsub-generic.sty
Package: hobsub-generic 2012/05/28 v1.13 Bundle oberdiek, subset generic (HO)
Package: hobsub 2012/05/28 v1.13 Construct package bundles (HO)
Package hobsub Info: Skipping package `infwarerr' (already loaded).
Package hobsub Info: Skipping package `ltxcmds' (already loaded).
Package: ifluatex 2010/03/01 v1.3 Provides the ifluatex switch (HO)
Package ifluatex Info: LuaTeX not detected.
Package hobsub Info: Skipping package `ifvtex' (already loaded).
Package: intcalc 2007/09/27 v1.1 Expandable calculations with integers (HO)
Package hobsub Info: Skipping package `ifpdf' (already loaded).
Package: etexcmds 2011/02/16 v1.5 Avoid name clashes with e-TeX commands (HO)
Package etexcmds Info: Could not find \expanded.
(etexcmds)             That can mean that you are not using pdfTeX 1.50 or
(etexcmds)             that some package has redefined \expanded.
(etexcmds)             In the latter case, load this package earlier.
Package: kvsetkeys 2012/04/25 v1.16 Key value parser (HO)
Package: kvdefinekeys 2011/04/07 v1.3 Define keys (HO)
Package: pdftexcmds 2011/11/29 v0.20 Utility functions of pdfTeX for LuaTeX (HO
)
Package pdftexcmds Info: LuaTeX not detected.
Package pdftexcmds Info: \pdf@primitive is available.
Package pdftexcmds Info: \pdf@ifprimitive is available.
Package pdftexcmds Info: \pdfdraftmode found.
Package: pdfescape 2011/11/25 v1.13 Implements pdfTeX's escape features (HO)
Package: bigintcalc 2012/04/08 v1.3 Expandable calculations on big integers (HO
)
Package: bitset 2011/01/30 v1.1 Handle bit-vector datatype (HO)
Package: uniquecounter 2011/01/30 v1.2 Provide unlimited unique counter (HO)
)
Package hobsub Info: Skipping package `hobsub' (already loaded).
Package: letltxmacro 2010/09/02 v1.4 Let assignment for LaTeX macros (HO)
Package: hopatch 2012/05/28 v1.2 Wrapper for package hooks (HO)
Package: xcolor-patch 2011/01/30 xcolor patch
Package: atveryend 2011/06/30 v1.8 Hooks at the very end of document (HO)
Package atveryend Info: \enddocument detected (standard20110627).
Package: atbegshi 2011/10/05 v1.16 At begin shipout hook (HO)
Package: refcount 2011/10/16 v3.4 Data extraction from label references (HO)
Package: hycolor 2011/01/30 v1.7 Color options for hyperref/bookmark (HO)
)
(/usr/share/texlive/texmf-dist/tex/latex/oberdiek/auxhook.sty
Package: auxhook 2011/03/04 v1.3 Hooks for auxiliary files (HO)
)
(/usr/share/texlive/texmf-dist/tex/latex/oberdiek/kvoptions.sty
Package: kvoptions 2011/06/30 v3.11 Key value format for package options (HO)
)
\@linkdim=\dimen139
\Hy@linkcounter=\count113
\Hy@pagecounter=\count114

(/usr/share/texlive/texmf-dist/tex/latex/hyperref/pd1enc.def
File: pd1enc.def 2012/11/06 v6.83m Hyperref: PDFDocEncoding definition (HO)
Now handling font encoding PD1 ...
... no UTF-8 mapping file for font encoding PD1
)
\Hy@SavedSpaceFactor=\count115

(/usr/share/texlive/texmf-dist/tex/latex/latexconfig/hyperref.cfg
File: hyperref.cfg 2002/06/06 v1.2 hyperref configuration of TeXLive
)
Package hyperref Info: Option `unicode' set `true' on input line 4319.

(/usr/share/texlive/texmf-dist/tex/latex/hyperref/puenc.def
File: puenc.def 2012/11/06 v6.83m Hyperref: PDF Unicode definition (HO)
Now handling font encoding PU ...
... no UTF-8 mapping file for font encoding PU
)
Package hyperref Info: Option `plainpages' set `false' on input line 4319.
Package hyperref Info: Option `pdfpagelabels' set `true' on input line 4319.
Package hyperref Info: Option `bookmarks' set `true' on input line 4319.
Package hyperref Info: Option `bookmarksopen' set `true' on input line 4319.
Package hyperref Info: Option `bookmarksnumbered' set `true' on input line 4319
.
Package hyperref Info: Option `breaklinks' set `true' on input line 4319.
Package hyperref Info: Option `linktocpage' set `true' on input line 4319.
Package hyperref Info: Option `colorlinks' set `true' on input line 4319.
Package hyperref Info: Option `hyperindex' set `true' on input line 4319.
Package hyperref Info: Option `hyperfigures' set `true' on input line 4319.
Package hyperref Info: Hyper figures ON on input line 4441.
Package hyperref Info: Link nesting OFF on input line 4448.
Package hyperref Info: Hyper index ON on input line 4451.
Package hyperref Info: Plain pages OFF on input line 4458.
Package hyperref Info: Backreferencing ON on input line 4461.
Package hyperref Info: Implicit mode ON; LaTeX internals redefined.
Package hyperref Info: Bookmarks ON on input line 4688.

(/usr/share/texlive/texmf-dist/tex/latex/hyperref/backref.sty
Package: backref 2012/07/25 v1.38 Bibliographical back referencing

(/usr/share/texlive/texmf-dist/tex/latex/oberdiek/rerunfilecheck.sty
Package: rerunfilecheck 2011/04/15 v1.7 Rerun checks for auxiliary files (HO)
Package uniquecounter Info: New unique counter `rerunfilecheck' on input line 2
82.
))
\c@Hy@tempcnt=\count116
LaTeX Info: Redefining \url on input line 5041.
\XeTeXLinkMargin=\dimen140
\Fld@menulength=\count117
\Field@Width=\dimen141
\Fld@charsize=\dimen142
Package hyperref Info: Hyper figures ON on input line 6293.
Package hyperref Info: Link nesting OFF on input line 6300.
Package hyperref Info: Hyper index ON on input line 6303.
Package hyperref Info: backreferencing ON on input line 6308.
Package hyperref Info: Link coloring ON on input line 6313.
Package hyperref Info: Link coloring with OCG OFF on input line 6320.
Package hyperref Info: PDF/A mode OFF on input line 6325.
LaTeX Info: Redefining \ref on input line 6365.
LaTeX Info: Redefining \pageref on input line 6369.
\Hy@abspage=\count118
\c@Item=\count119
\c@Hfootnote=\count120
)

Package hyperref Message: Driver (autodetected): hpdftex.

(/usr/share/texlive/texmf-dist/tex/latex/hyperref/hpdftex.def
File: hpdftex.def 2012/11/06 v6.83m Hyperref driver for pdfTeX
\Fld@listcount=\count121
\c@bookmark@seq@number=\count122
\Hy@SectionHShift=\skip97
)
(/usr/share/texlive/texmf-dist/tex/latex/algorithms/algorithm.sty
Package: algorithm 2009/08/24 v0.1 Document Style `algorithm' - floating enviro
nment

(/usr/share/texlive/texmf-dist/tex/latex/float/float.sty
Package: float 2001/11/08 v1.3d Float enhancements (AL)
\c@float@type=\count123
\float@exts=\toks30
\float@box=\box28
\@float@everytoks=\toks31
\@floatcapt=\box29
)
\@float@every@algorithm=\toks32
\c@algorithm=\count124
)
(/usr/share/texlive/texmf-dist/tex/latex/algorithmicx/algpseudocode.sty
Package: algpseudocode 

(/usr/share/texlive/texmf-dist/tex/latex/algorithmicx/algorithmicx.sty
Package: algorithmicx 2005/04/27 v1.2 Algorithmicx

Document Style algorithmicx 1.2 - a greatly improved `algorithmic' style
\c@ALG@line=\count125
\c@ALG@rem=\count126
\c@ALG@nested=\count127
\ALG@tlm=\skip98
\ALG@thistlm=\skip99
\c@ALG@Lnr=\count128
\c@ALG@blocknr=\count129
\c@ALG@storecount=\count130
\c@ALG@tmpcounter=\count131
\ALG@tmplength=\skip100
)
Document Style - pseudocode environments for use with the `algorithmicx' style
) (/usr/share/texlive/texmf-dist/tex/latex/setspace/setspace.sty
Package: setspace 2011/12/19 v6.7a set line spacing
)
(/usr/share/texlive/texmf-dist/tex/latex/tools/longtable.sty
Package: longtable 2014/10/28 v4.11 Multi-page Table package (DPC)
\LTleft=\skip101
\LTright=\skip102
\LTpre=\skip103
\LTpost=\skip104
\LTchunksize=\count132
\LTcapwidth=\dimen143
\LT@head=\box30
\LT@firsthead=\box31
\LT@foot=\box32
\LT@lastfoot=\box33
\LT@cols=\count133
\LT@rows=\count134
\c@LT@tables=\count135
\c@LT@chunks=\count136
\LT@p@ftn=\toks33
)
(/usr/share/texlive/texmf-dist/tex/latex/glossaries/base/glossaries.sty
Package: glossaries 2016/01/24 v4.21 (NLCT)

(/usr/share/texlive/texmf-dist/tex/latex/xkeyval/xkeyval.sty
Package: xkeyval 2014/12/03 v2.7a package option processing (HA)

(/usr/share/texlive/texmf-dist/tex/generic/xkeyval/xkeyval.tex
(/usr/share/texlive/texmf-dist/tex/generic/xkeyval/xkvutils.tex
\XKV@toks=\toks34
\XKV@tempa@toks=\toks35
)
\XKV@depth=\count137
File: xkeyval.tex 2014/12/03 v2.7a key=value parser (HA)
))
(/usr/share/texlive/texmf-dist/tex/latex/mfirstuc/mfirstuc.sty
Package: mfirstuc 2015/12/17 v2.02 (NLCT)

(/usr/share/texlive/texmf-dist/tex/latex/etoolbox/etoolbox.sty
Package: etoolbox 2015/08/02 v2.2a e-TeX tools for LaTeX (JAW)
\etb@tempcnta=\count138
)
\@glsmfirst=\toks36
\@glsmrest=\toks37
)
(/usr/share/texlive/texmf-dist/tex/latex/textcase/textcase.sty
Package: textcase 2004/10/07 v0.07 Text only upper/lower case changing (DPC)
)
(/usr/share/texlive/texmf-dist/tex/latex/xfor/xfor.sty
Package: xfor 2009/02/05 v1.05 (NLCT)
)
(/usr/share/texlive/texmf-dist/tex/latex/datatool/datatool-base.sty
Package: datatool-base 2016/01/18 v2.25 (NLCT)

(/usr/share/texlive/texmf-dist/tex/latex/substr/substr.sty
Package: substr 2009/10/20 v1.2 Handle substrings
\c@su@anzahl=\count139
)
(/usr/share/texlive/texmf-dist/tex/latex/datatool/datatool-fp.sty
Package: datatool-fp 2016/01/18 v2.25 (NLCT)

(/usr/share/texlive/texmf-dist/tex/latex/fp/fp.sty
Package: fp 1995/04/02

`Fixed Point Package', Version 0.8, April 2, 1995 (C) Michael Mehlich
(/usr/share/texlive/texmf-dist/tex/latex/fp/defpattern.sty
Package: defpattern 1994/10/12
\actioncount=\count140
)
(/usr/share/texlive/texmf-dist/tex/latex/fp/fp-basic.sty
Package: fp-basic 1996/05/13
\FP@xs=\count141
\FP@xia=\count142
\FP@xib=\count143
\FP@xfa=\count144
\FP@xfb=\count145
\FP@rega=\count146
\FP@regb=\count147
\FP@regs=\count148
\FP@times=\count149
)
(/usr/share/texlive/texmf-dist/tex/latex/fp/fp-addons.sty
Package: fp-addons 1995/03/15
)
(/usr/share/texlive/texmf-dist/tex/latex/fp/fp-snap.sty
Package: fp-snap 1995/04/05
)
(/usr/share/texlive/texmf-dist/tex/latex/fp/fp-exp.sty
Package: fp-exp 1995/04/03
)
(/usr/share/texlive/texmf-dist/tex/latex/fp/fp-trigo.sty
Package: fp-trigo 1995/04/14
)
(/usr/share/texlive/texmf-dist/tex/latex/fp/fp-pas.sty
Package: fp-pas 1994/08/29
)
(/usr/share/texlive/texmf-dist/tex/latex/fp/fp-random.sty
Package: fp-random 1995/02/23
\FPseed=\count150
)
(/usr/share/texlive/texmf-dist/tex/latex/fp/fp-eqn.sty
Package: fp-eqn 1995/04/03
)
(/usr/share/texlive/texmf-dist/tex/latex/fp/fp-upn.sty
Package: fp-upn 1996/10/21
)
(/usr/share/texlive/texmf-dist/tex/latex/fp/fp-eval.sty
Package: fp-eval 1995/04/03
)))
\@dtl@toks=\toks38
\@dtl@tmpcount=\count151
\dtl@tmplength=\skip105
\dtl@sortresult=\count152
\@dtl@numgrpsepcount=\count153
\@dtl@datatype=\count154
\dtl@codeA=\count155
\dtl@codeB=\count156
\@dtl@foreach@level=\count157
)
(/usr/share/texlive/texmf-dist/tex/latex/glossaries/base/glossaries-compatible-
307.sty
Package: glossaries-compatible-307 2016/01/24 v4.21 (NLCT)
)
\gls@level=\count158
\@gls@tmpb=\toks39
\gls@tmplen=\skip106
\glskeylisttok=\toks40
\glslabeltok=\toks41
\glsshorttok=\toks42
\glslongtok=\toks43

(/usr/share/texlive/texmf-dist/tex/latex/glossaries/styles/glossary-hypernav.st
y
Package: glossary-hypernav 2016/01/24 v4.21 (NLCT)
) (/usr/share/texlive/texmf-dist/tex/latex/glossaries/styles/glossary-list.sty
Package: glossary-list 2016/01/24 v4.21 (NLCT)
\glslistdottedwidth=\skip107
) (/usr/share/texlive/texmf-dist/tex/latex/glossaries/styles/glossary-long.sty
Package: glossary-long 2016/01/24 v4.21 (NLCT)
\glsdescwidth=\skip108
\glspagelistwidth=\skip109
) (/usr/share/texlive/texmf-dist/tex/latex/glossaries/styles/glossary-super.sty
Package: glossary-super 2016/01/24 v4.21 (NLCT)

(/usr/share/texlive/texmf-dist/tex/latex/supertabular/supertabular.sty
Package: supertabular 2004/02/20 v4.1e the supertabular environment
\c@tracingst=\count159
\ST@wd=\dimen144
\ST@rightskip=\skip110
\ST@leftskip=\skip111
\ST@parfillskip=\skip112
\ST@pageleft=\dimen145
\ST@headht=\dimen146
\ST@tailht=\dimen147
\ST@pagesofar=\dimen148
\ST@pboxht=\dimen149
\ST@lineht=\dimen150
\ST@stretchht=\dimen151
\ST@prevht=\dimen152
\ST@toadd=\dimen153
\ST@dimen=\dimen154
\ST@pbox=\box34
))
(/usr/share/texlive/texmf-dist/tex/latex/glossaries/styles/glossary-tree.sty
Package: glossary-tree 2016/01/24 v4.21 (NLCT)
\glstreeindent=\skip113
))
(/usr/share/texlive/texmf-dist/tex/latex/tools/multicol.sty
Package: multicol 2015/08/19 v1.8n multicolumn formatting (FMi)
\c@tracingmulticols=\count160
\mult@box=\box35
\multicol@leftmargin=\dimen155
\c@unbalance=\count161
\c@collectmore=\count162
\doublecol@number=\count163
\multicoltolerance=\count164
\multicolpretolerance=\count165
\full@width=\dimen156
\page@free=\dimen157
\premulticols=\dimen158
\postmulticols=\dimen159
\multicolsep=\skip114
\multicolbaselineskip=\skip115
\partial@page=\box36
\last@line=\box37
\maxbalancingoverflow=\dimen160
\mult@rightbox=\box38
\mult@grightbox=\box39
\mult@gfirstbox=\box40
\mult@firstbox=\box41
\@tempa=\box42
\@tempa=\box43
\@tempa=\box44
\@tempa=\box45
\@tempa=\box46
\@tempa=\box47
\@tempa=\box48
\@tempa=\box49
\@tempa=\box50
\@tempa=\box51
\@tempa=\box52
\@tempa=\box53
\@tempa=\box54
\@tempa=\box55
\@tempa=\box56
\@tempa=\box57
\@tempa=\box58
\c@columnbadness=\count166
\c@finalcolumnbadness=\count167
\last@try=\dimen161
\multicolovershoot=\dimen162
\multicolundershoot=\dimen163
\mult@nat@firstbox=\box59
\colbreak@box=\box60
\mc@col@check@num=\count168
)
(/usr/share/texlive/texmf-dist/tex/latex/nomencl/nomencl.sty
Package: nomencl 2005/09/22 v4.2 Nomenclature package (LN)
\nomlabelwidth=\dimen164
\nom@tempdim=\dimen165
\nomitemsep=\skip116
)
\@nomenclaturefile=\write3
\openout3 = `Thesis.nlo'.


Writing nomenclature file Thesis.nlo
(/usr/share/texlive/texmf-dist/tex/latex/multirow/multirow.sty
\bigstrutjot=\dimen166
)
(/usr/share/texlive/texmf-dist/tex/latex/pdfpages/pdfpages.sty
Package: pdfpages 2015/09/18 v0.5d Insert pages of external PDF documents (AM)

(/usr/share/texlive/texmf-dist/tex/latex/eso-pic/eso-pic.sty
Package: eso-pic 2015/07/21 v2.0g eso-pic (RN)
)
\AM@pagewidth=\dimen167
\AM@pageheight=\dimen168

(/usr/share/texlive/texmf-dist/tex/latex/pdfpages/pppdftex.def
File: pppdftex.def 2015/09/18 v0.5d Pdfpages driver for pdfTeX (AM)
)
\AM@pagebox=\box61
\AM@toc@title=\toks44
\c@AM@survey=\count169
\AM@templatesizebox=\box62
)
(/usr/share/texlive/texmf-dist/tex/latex/tools/tabularx.sty
Package: tabularx 2014/10/28 v2.10 `tabularx' package (DPC)

(/usr/share/texlive/texmf-dist/tex/latex/tools/array.sty
Package: array 2014/10/28 v2.4c Tabular extension package (FMi)
\col@sep=\dimen169
\extrarowheight=\dimen170
\NC@list=\toks45
\extratabsurround=\skip117
\backup@length=\skip118
)
\TX@col@width=\dimen171
\TX@old@table=\dimen172
\TX@old@col=\dimen173
\TX@target=\dimen174
\TX@delta=\dimen175
\TX@cols=\count170
\TX@ftn=\toks46
)
(/usr/share/texlive/texmf-dist/tex/latex/titlesec/titlesec.sty
Package: titlesec 2016/03/15 v2.10.1 Sectioning titles
\ttl@box=\box63
\beforetitleunit=\skip119
\aftertitleunit=\skip120
\ttl@plus=\dimen176
\ttl@minus=\dimen177
\ttl@toksa=\toks47
\titlewidth=\dimen178
\titlewidthlast=\dimen179
\titlewidthfirst=\dimen180
) (./Thesis.aux
(./Abstract/abstract.aux) (./Chapter1/chapter1.aux) (./Chapter2/chapter2.aux)
(./Chapter3/chapter3.aux) (./Chapter4/chapter4.aux) (./Chapter5/chapter5.aux)
(./Appendix/appendix.aux))
\openout1 = `Thesis.aux'.

LaTeX Font Info:    Checking defaults for OML/cmm/m/it on input line 73.
LaTeX Font Info:    ... okay on input line 73.
LaTeX Font Info:    Checking defaults for T1/cmr/m/n on input line 73.
LaTeX Font Info:    ... okay on input line 73.
LaTeX Font Info:    Checking defaults for OT1/cmr/m/n on input line 73.
LaTeX Font Info:    ... okay on input line 73.
LaTeX Font Info:    Checking defaults for OMS/cmsy/m/n on input line 73.
LaTeX Font Info:    ... okay on input line 73.
LaTeX Font Info:    Checking defaults for OMX/cmex/m/n on input line 73.
LaTeX Font Info:    ... okay on input line 73.
LaTeX Font Info:    Checking defaults for U/cmr/m/n on input line 73.
LaTeX Font Info:    ... okay on input line 73.
LaTeX Font Info:    Checking defaults for T5/cmr/m/n on input line 73.
LaTeX Font Info:    ... okay on input line 73.
LaTeX Font Info:    Checking defaults for PD1/pdf/m/n on input line 73.
LaTeX Font Info:    ... okay on input line 73.
LaTeX Font Info:    Checking defaults for PU/pdf/m/n on input line 73.
LaTeX Font Info:    ... okay on input line 73.
LaTeX Font Info:    Try loading font information for T5+ptm on input line 73.

(/usr/share/texlive/texmf-dist/tex/latex/vntex/t5ptm.fd
File: t5utm.fd 2005/08/24 Fontinst v1.929 font definitions for T5/ptm.
)
(/usr/share/texlive/texmf-dist/tex/context/base/supp-pdf.mkii
[Loading MPS to PDF converter (version 2006.09.02).]
\scratchcounter=\count171
\scratchdimen=\dimen181
\scratchbox=\box64
\nofMPsegments=\count172
\nofMParguments=\count173
\everyMPshowfont=\toks48
\MPscratchCnt=\count174
\MPscratchDim=\dimen182
\MPnumerator=\count175
\makeMPintoPDFobject=\count176
\everyMPtoPDFconversion=\toks49
) (/usr/share/texlive/texmf-dist/tex/latex/oberdiek/epstopdf-base.sty
Package: epstopdf-base 2010/02/09 v2.5 Base part for package epstopdf

(/usr/share/texlive/texmf-dist/tex/latex/oberdiek/grfext.sty
Package: grfext 2010/08/19 v1.1 Manage graphics extensions (HO)
)
Package grfext Info: Graphics extension search list:
(grfext)             [.png,.pdf,.jpg,.mps,.jpeg,.jbig2,.jb2,.PNG,.PDF,.JPG,.JPE
G,.JBIG2,.JB2,.eps]
(grfext)             \AppendGraphicsExtensions on input line 452.

(/usr/share/texlive/texmf-dist/tex/latex/latexconfig/epstopdf-sys.cfg
File: epstopdf-sys.cfg 2010/07/13 v1.3 Configuration of (r)epstopdf for TeX Liv
e
))
*geometry* driver: auto-detecting
*geometry* detected driver: pdftex
*geometry* verbose mode - [ preamble ] result:
* driver: pdftex
* paper: a4paper
* layout: <same size as paper>
* layoutoffset:(h,v)=(0.0pt,0.0pt)
* modes: 
* h-part:(L,W,R)=(99.58464pt, 441.01773pt, 56.9055pt)
* v-part:(T,H,B)=(85.35826pt, 660.10394pt, 99.58464pt)
* \paperwidth=597.50787pt
* \paperheight=845.04684pt
* \textwidth=441.01773pt
* \textheight=660.10394pt
* \oddsidemargin=27.31465pt
* \evensidemargin=27.31465pt
* \topmargin=-24.91173pt
* \headheight=13.0pt
* \headsep=25.0pt
* \topskip=13.0pt
* \footskip=30.0pt
* \marginparwidth=25.0pt
* \marginparsep=10.0pt
* \columnsep=25.0pt
* \skip\footins=11.4pt plus 4.0pt minus 2.0pt
* \hoffset=0.0pt
* \voffset=0.0pt
* \mag=1000
* \@twocolumnfalse
* \@twosidefalse
* \@mparswitchfalse
* \@reversemarginfalse
* (1in=72.27pt=25.4mm, 1cm=28.453pt)

Package caption Info: Begin \AtBeginDocument code.
Package caption Info: float package is loaded.
Package caption Info: hyperref package is loaded.
Package caption Info: longtable package is loaded.
(/usr/share/texlive/texmf-dist/tex/latex/caption/ltcaption.sty
Package: ltcaption 2013/06/09 v1.4-94 longtable captions (AR)
)
Package caption Info: supertabular package is loaded.
Package caption Info: End \AtBeginDocument code.
\AtBeginShipoutBox=\box65
Package hyperref Info: Link coloring ON on input line 73.

(/usr/share/texlive/texmf-dist/tex/latex/hyperref/nameref.sty
Package: nameref 2012/10/27 v2.43 Cross-referencing by name of section

(/usr/share/texlive/texmf-dist/tex/generic/oberdiek/gettitlestring.sty
Package: gettitlestring 2010/12/03 v1.4 Cleanup title references (HO)
)
\c@section@level=\count177
)
LaTeX Info: Redefining \ref on input line 73.
LaTeX Info: Redefining \pageref on input line 73.
LaTeX Info: Redefining \nameref on input line 73.

(./Thesis.out) (./Thesis.out)
\@outlinefile=\write4
\openout4 = `Thesis.out'.

 (./Thesis.glsdefs)
(/usr/share/texlive/texmf-dist/tex/latex/oberdiek/pdflscape.sty
Package: pdflscape 2008/08/11 v0.10 Display of landscape pages in PDF (HO)

(/usr/share/texlive/texmf-dist/tex/latex/graphics/lscape.sty
Package: lscape 2000/10/22 v3.01 Landscape Pages (DPC)
)
Package pdflscape Info: Auto-detected driver: pdftex on input line 80.
)
<docs/BiaChinh.pdf, id=176, 597.55246pt x 845.07718pt>
File: docs/BiaChinh.pdf Graphic file (type pdf)
 <use docs/BiaChinh.pdf>
Package pdftex.def Info: docs/BiaChinh.pdf used on input line 75.
(pdftex.def)             Requested size: 597.551pt x 845.07512pt.
File: docs/BiaChinh.pdf Graphic file (type pdf)

<use docs/BiaChinh.pdf>
Package pdftex.def Info: docs/BiaChinh.pdf used on input line 75.
(pdftex.def)             Requested size: 597.551pt x 845.07512pt.

<docs/BiaChinh.pdf, id=179, page=1, 597.55246pt x 845.07718pt>
File: docs/BiaChinh.pdf Graphic file (type pdf)

<use docs/BiaChinh.pdf, page 1>
Package pdftex.def Info: docs/BiaChinh.pdf, page1 used on input line 75.
(pdftex.def)             Requested size: 597.551pt x 845.07512pt.
File: docs/BiaChinh.pdf Graphic file (type pdf)
 <use docs/BiaChinh.pdf, page 1>
Package pdftex.def Info: docs/BiaChinh.pdf, page1 used on input line 75.
(pdftex.def)             Requested size: 597.57834pt x 845.1138pt.
File: docs/BiaChinh.pdf Graphic file (type pdf)

<use docs/BiaChinh.pdf, page 1>
Package pdftex.def Info: docs/BiaChinh.pdf, page1 used on input line 75.
(pdftex.def)             Requested size: 597.57834pt x 845.1138pt.
File: docs/BiaChinh.pdf Graphic file (type pdf)
 <use docs/BiaChinh.pdf, page 1>
Package pdftex.def Info: docs/BiaChinh.pdf, page1 used on input line 75.
(pdftex.def)             Requested size: 597.57834pt x 845.1138pt.
File: docs/BiaChinh.pdf Graphic file (type pdf)

<use docs/BiaChinh.pdf, page 1>
Package pdftex.def Info: docs/BiaChinh.pdf, page1 used on input line 75.
(pdftex.def)             Requested size: 597.57834pt x 845.1138pt.
 [1

 <./docs/BiaChinh.pdf>]
<docs/BiaPhu.pdf, id=222, 597.55246pt x 845.07718pt>
File: docs/BiaPhu.pdf Graphic file (type pdf)
 <use docs/BiaPhu.pdf>
Package pdftex.def Info: docs/BiaPhu.pdf used on input line 76.
(pdftex.def)             Requested size: 597.551pt x 845.07512pt.
File: docs/BiaPhu.pdf Graphic file (type pdf)

<use docs/BiaPhu.pdf>
Package pdftex.def Info: docs/BiaPhu.pdf used on input line 76.
(pdftex.def)             Requested size: 597.551pt x 845.07512pt.

<docs/BiaPhu.pdf, id=225, page=1, 597.55246pt x 845.07718pt>
File: docs/BiaPhu.pdf Graphic file (type pdf)

<use docs/BiaPhu.pdf, page 1>
Package pdftex.def Info: docs/BiaPhu.pdf, page1 used on input line 76.
(pdftex.def)             Requested size: 597.551pt x 845.07512pt.
File: docs/BiaPhu.pdf Graphic file (type pdf)
 <use docs/BiaPhu.pdf, page 1>
Package pdftex.def Info: docs/BiaPhu.pdf, page1 used on input line 76.
(pdftex.def)             Requested size: 597.57834pt x 845.1138pt.
File: docs/BiaPhu.pdf Graphic file (type pdf)

<use docs/BiaPhu.pdf, page 1>
Package pdftex.def Info: docs/BiaPhu.pdf, page1 used on input line 76.
(pdftex.def)             Requested size: 597.57834pt x 845.1138pt.
File: docs/BiaPhu.pdf Graphic file (type pdf)
 <use docs/BiaPhu.pdf, page 1>
Package pdftex.def Info: docs/BiaPhu.pdf, page1 used on input line 76.
(pdftex.def)             Requested size: 597.57834pt x 845.1138pt.
File: docs/BiaPhu.pdf Graphic file (type pdf)

<use docs/BiaPhu.pdf, page 1>
Package pdftex.def Info: docs/BiaPhu.pdf, page1 used on input line 76.
(pdftex.def)             Requested size: 597.57834pt x 845.1138pt.
 [2 <./docs/BiaPhu.pdf>]
<docs/NhanXet.pdf, id=266, 600.2425pt x 841.1425pt>
File: docs/NhanXet.pdf Graphic file (type pdf)
 <use docs/NhanXet.pdf>
Package pdftex.def Info: docs/NhanXet.pdf used on input line 77.
(pdftex.def)             Requested size: 600.24103pt x 841.14046pt.
File: docs/NhanXet.pdf Graphic file (type pdf)

<use docs/NhanXet.pdf>
Package pdftex.def Info: docs/NhanXet.pdf used on input line 77.
(pdftex.def)             Requested size: 600.24103pt x 841.14046pt.

<docs/NhanXet.pdf, id=269, page=1, 600.2425pt x 841.1425pt>
File: docs/NhanXet.pdf Graphic file (type pdf)

<use docs/NhanXet.pdf, page 1>
Package pdftex.def Info: docs/NhanXet.pdf, page1 used on input line 77.
(pdftex.def)             Requested size: 600.24103pt x 841.14046pt.
File: docs/NhanXet.pdf Graphic file (type pdf)
 <use docs/NhanXet.pdf, page 1>
Package pdftex.def Info: docs/NhanXet.pdf, page1 used on input line 77.
(pdftex.def)             Requested size: 597.74063pt x 837.63655pt.
File: docs/NhanXet.pdf Graphic file (type pdf)

<use docs/NhanXet.pdf, page 1>
Package pdftex.def Info: docs/NhanXet.pdf, page1 used on input line 77.
(pdftex.def)             Requested size: 597.74063pt x 837.63655pt.
File: docs/NhanXet.pdf Graphic file (type pdf)
 <use docs/NhanXet.pdf, page 1>
Package pdftex.def Info: docs/NhanXet.pdf, page1 used on input line 77.
(pdftex.def)             Requested size: 597.74063pt x 837.63655pt.
File: docs/NhanXet.pdf Graphic file (type pdf)

<use docs/NhanXet.pdf, page 1>
Package pdftex.def Info: docs/NhanXet.pdf, page1 used on input line 77.
(pdftex.def)             Requested size: 597.74063pt x 837.63655pt.
 [3 <./docs/NhanXet.pdf>]
<docs/NhanXet.pdf, id=276, page=2, 602.25pt x 843.15pt>
File: docs/NhanXet.pdf Graphic file (type pdf)

<use docs/NhanXet.pdf, page 2>
Package pdftex.def Info: docs/NhanXet.pdf, page2 used on input line 77.
(pdftex.def)             Requested size: 599.73976pt x 839.63567pt.
File: docs/NhanXet.pdf Graphic file (type pdf)
 <use docs/NhanXet.pdf, page 2>
Package pdftex.def Info: docs/NhanXet.pdf, page2 used on input line 77.
(pdftex.def)             Requested size: 599.73976pt x 839.63567pt.
File: docs/NhanXet.pdf Graphic file (type pdf)

<use docs/NhanXet.pdf, page 2>
Package pdftex.def Info: docs/NhanXet.pdf, page2 used on input line 77.
(pdftex.def)             Requested size: 599.73976pt x 839.63567pt.
 [4 <./docs/NhanXet.pdf>]
<docs/NhanXet.pdf, id=282, page=3, 603.25375pt x 843.15pt>
File: docs/NhanXet.pdf Graphic file (type pdf)

<use docs/NhanXet.pdf, page 3>
Package pdftex.def Info: docs/NhanXet.pdf, page3 used on input line 77.
(pdftex.def)             Requested size: 600.73933pt x 839.63567pt.
File: docs/NhanXet.pdf Graphic file (type pdf)
 <use docs/NhanXet.pdf, page 3>
Package pdftex.def Info: docs/NhanXet.pdf, page3 used on input line 77.
(pdftex.def)             Requested size: 600.73933pt x 839.63567pt.
File: docs/NhanXet.pdf Graphic file (type pdf)

<use docs/NhanXet.pdf, page 3>
Package pdftex.def Info: docs/NhanXet.pdf, page3 used on input line 77.
(pdftex.def)             Requested size: 600.73933pt x 839.63567pt.
 [5 <./docs/NhanXet.pdf>] (./Acknowledgments.tex
LaTeX Font Info:    Font shape `T5/ptm/bx/n' in size <15.8> not available
(Font)              Font shape `T5/ptm/b/n' tried instead on input line 2.
LaTeX Font Info:    Font shape `T5/ptm/bx/n' in size <27.4> not available
(Font)              Font shape `T5/ptm/b/n' tried instead on input line 2.
) [1

{/var/lib/texmf/fonts/map/pdftex/updmap/pdftex.map}]
<docs/DeCuongChiTiet.pdf, id=295, 597.55246pt x 845.07718pt>
File: docs/DeCuongChiTiet.pdf Graphic file (type pdf)

<use docs/DeCuongChiTiet.pdf>
Package pdftex.def Info: docs/DeCuongChiTiet.pdf used on input line 87.
(pdftex.def)             Requested size: 597.551pt x 845.07512pt.
File: docs/DeCuongChiTiet.pdf Graphic file (type pdf)
 <use docs/DeCuongChiTiet.pdf>
Package pdftex.def Info: docs/DeCuongChiTiet.pdf used on input line 87.
(pdftex.def)             Requested size: 597.551pt x 845.07512pt.

<docs/DeCuongChiTiet.pdf, id=298, page=1, 597.55246pt x 845.07718pt>
File: docs/DeCuongChiTiet.pdf Graphic file (type pdf)

<use docs/DeCuongChiTiet.pdf, page 1>
Package pdftex.def Info: docs/DeCuongChiTiet.pdf, page1 used on input line 87.
(pdftex.def)             Requested size: 597.551pt x 845.07512pt.
File: docs/DeCuongChiTiet.pdf Graphic file (type pdf)
 <use docs/DeCuongChiTiet.pdf, page 1>
Package pdftex.def Info: docs/DeCuongChiTiet.pdf, page1 used on input line 87.
(pdftex.def)             Requested size: 597.57834pt x 845.1138pt.
File: docs/DeCuongChiTiet.pdf Graphic file (type pdf)

<use docs/DeCuongChiTiet.pdf, page 1>
Package pdftex.def Info: docs/DeCuongChiTiet.pdf, page1 used on input line 87.
(pdftex.def)             Requested size: 597.57834pt x 845.1138pt.
File: docs/DeCuongChiTiet.pdf Graphic file (type pdf)
 <use docs/DeCuongChiTiet.pdf, page 1>
Package pdftex.def Info: docs/DeCuongChiTiet.pdf, page1 used on input line 87.
(pdftex.def)             Requested size: 597.57834pt x 845.1138pt.
File: docs/DeCuongChiTiet.pdf Graphic file (type pdf)

<use docs/DeCuongChiTiet.pdf, page 1>
Package pdftex.def Info: docs/DeCuongChiTiet.pdf, page1 used on input line 87.
(pdftex.def)             Requested size: 597.57834pt x 845.1138pt.
 [2 <./docs/DeCuongChiTiet.pdf>]
<docs/DeCuongChiTiet.pdf, id=340, page=2, 597.55246pt x 845.07718pt>
File: docs/DeCuongChiTiet.pdf Graphic file (type pdf)

<use docs/DeCuongChiTiet.pdf, page 2>
Package pdftex.def Info: docs/DeCuongChiTiet.pdf, page2 used on input line 87.
(pdftex.def)             Requested size: 597.57834pt x 845.1138pt.
File: docs/DeCuongChiTiet.pdf Graphic file (type pdf)
 <use docs/DeCuongChiTiet.pdf, page 2>
Package pdftex.def Info: docs/DeCuongChiTiet.pdf, page2 used on input line 87.
(pdftex.def)             Requested size: 597.57834pt x 845.1138pt.
File: docs/DeCuongChiTiet.pdf Graphic file (type pdf)

<use docs/DeCuongChiTiet.pdf, page 2>
Package pdftex.def Info: docs/DeCuongChiTiet.pdf, page2 used on input line 87.
(pdftex.def)             Requested size: 597.57834pt x 845.1138pt.
 [3 <./docs/DeCuongChiTiet.pdf>]
\openout2 = `Abstract/abstract.aux'.


(./Abstract/abstract.tex) [4


]
LaTeX Font Info:    Font shape `T5/ptm/bx/n' in size <32> not available
(Font)              Font shape `T5/ptm/b/n' tried instead on input line 94.
 (./Thesis.toc
LaTeX Font Info:    Font shape `T5/ptm/bx/n' in size <13> not available
(Font)              Font shape `T5/ptm/b/n' tried instead on input line 1.
LaTeX Font Info:    Calculating math sizes for size <13> on input line 1.
LaTeX Font Info:    Try loading font information for OT1+ztmcm on input line 1.


(/usr/share/texlive/texmf-dist/tex/latex/psnfss/ot1ztmcm.fd
File: ot1ztmcm.fd 2000/01/03 Fontinst v1.801 font definitions for OT1/ztmcm.
)
LaTeX Font Info:    Try loading font information for OML+ztmcm on input line 1.


(/usr/share/texlive/texmf-dist/tex/latex/psnfss/omlztmcm.fd
File: omlztmcm.fd 2000/01/03 Fontinst v1.801 font definitions for OML/ztmcm.
)
LaTeX Font Info:    Try loading font information for OMS+ztmcm on input line 1.


(/usr/share/texlive/texmf-dist/tex/latex/psnfss/omsztmcm.fd
File: omsztmcm.fd 2000/01/03 Fontinst v1.801 font definitions for OMS/ztmcm.
)
LaTeX Font Info:    Try loading font information for OMX+ztmcm on input line 1.


(/usr/share/texlive/texmf-dist/tex/latex/psnfss/omxztmcm.fd
File: omxztmcm.fd 2000/01/03 Fontinst v1.801 font definitions for OMX/ztmcm.
)
LaTeX Font Info:    Try loading font information for OT1+ptm on input line 1.

(/usr/share/texlive/texmf-dist/tex/latex/psnfss/ot1ptm.fd
File: ot1ptm.fd 2001/06/04 font definitions for OT1/ptm.
)
LaTeX Font Info:    Font shape `OT1/ptm/bx/n' in size <13> not available
(Font)              Font shape `OT1/ptm/b/n' tried instead on input line 1.
LaTeX Font Info:    Font shape `OT1/ptm/bx/n' in size <9.62007> not available
(Font)              Font shape `OT1/ptm/b/n' tried instead on input line 1.
LaTeX Font Info:    Font shape `OT1/ptm/bx/n' in size <7.80008> not available
(Font)              Font shape `OT1/ptm/b/n' tried instead on input line 1.
 [5

])
\tf@toc=\write5
\openout5 = `Thesis.toc'.

 [6]
(./Thesis.lof [7])
\tf@lof=\write6
\openout6 = `Thesis.lof'.

 [8] (./Thesis.lot)
\tf@lot=\write7
\openout7 = `Thesis.lot'.

 [9] (./Thesis.nls
LaTeX Font Info:    Font shape `T5/ptm/bx/n' in size <25> not available
(Font)              Font shape `T5/ptm/b/n' tried instead on input line 1.
) (./Thesis.gls [10

]

Package glossaries Warning: Deprecated use of \glossaryentryfield.
 I recommend you change to \glossentry.
 If you've just upgraded, try removing your gls auxiliary files
 and recompile on input line 6.

) [11


]
\openout2 = `Chapter1/chapter1.aux'.

 (./Chapter1/chapter1.tex
Ch\uhorn \ohorn ng 1.
pdfTeX warning (ext4): destination with the same identifier (name{page.1}) has 
been already used, duplicate ignored
<to be read again> 
                   \relax 
l.21 
      [1


]pdfTeX warning (ext4): destination with the same identifier (name{page.2}) has
 been already used, duplicate ignored
<to be read again> 
                   \relax 
l.23 
      [2]
<Chapter1/Chapter1Figs/MThistory.png, id=517, 981.6675pt x 325.215pt>
File: Chapter1/Chapter1Figs/MThistory.png Graphic file (type png)

<use Chapter1/Chapter1Figs/MThistory.png>
Package pdftex.def Info: Chapter1/Chapter1Figs/MThistory.png used on input line
 26.
(pdftex.def)             Requested size: 441.01773pt x 146.10223pt.
LaTeX Font Info:    Try loading font information for OMS+ptm on input line 33.

(/usr/share/texlive/texmf-dist/tex/latex/psnfss/omsptm.fd
File: omsptm.fd 
)
LaTeX Font Info:    Font shape `OMS/ptm/m/n' in size <13> not available
(Font)              Font shape `OMS/cmsy/m/n' tried instead on input line 33.

<Chapter1/Chapter1Figs/rulebasedpyramid.png, id=520, 636.3775pt x 481.8pt>
File: Chapter1/Chapter1Figs/rulebasedpyramid.png Graphic file (type png)

<use Chapter1/Chapter1Figs/rulebasedpyramid.png>
Package pdftex.def Info: Chapter1/Chapter1Figs/rulebasedpyramid.png used on inp
ut line 39.
(pdftex.def)             Requested size: 220.50887pt x 166.94164pt.
pdfTeX warning (ext4): destination with the same identifier (name{page.3}) has 
been already used, duplicate ignored
<to be read again> 
                   \relax 
l.47 
      [3 <./Chapter1/Chapter1Figs/MThistory.png>]pdfTeX warning (ext4): destina
tion with the same identifier (name{page.4}) has been already used, duplicate i
gnored
<to be read again> 
                   \relax 
l.51 
      [4 <./Chapter1/Chapter1Figs/rulebasedpyramid.png>]
LaTeX Font Info:    Try loading font information for T5+cmtt on input line 52.

(/usr/share/texlive/texmf-dist/tex/latex/vntex/t5cmtt.fd
File: t5cmtt.fd 1999/05/25 v2.5h Standard LaTeX font definitions
)
Overfull \hbox (17.36063pt too wide) in paragraph at lines 52--53
\T5/ptm/m/n/13 PROMPT ([][]$\T5/cmtt/m/n/13 http : / / www . promt . com/$[][]\
T5/ptm/m/n/13 ) v Sys-trans ([][]$\T5/cmtt/m/n/13 http : / / www . systransoft
 . com/$[][]\T5/ptm/m/n/13 ).
 []

pdfTeX warning (ext4): destination with the same identifier (name{page.5}) has 
been already used, duplicate ignored
<to be read again> 
                   \relax 
l.62 
        hiu r hn v dch my thng k, xt mt v d...
[5]
LaTeX Font Info:    Font shape `OT1/ptm/bx/n' in size <10> not available
(Font)              Font shape `OT1/ptm/b/n' tried instead on input line 62.
LaTeX Font Info:    Font shape `OT1/ptm/bx/n' in size <7.4> not available
(Font)              Font shape `OT1/ptm/b/n' tried instead on input line 62.
LaTeX Font Info:    Font shape `OT1/ptm/bx/n' in size <6> not available
(Font)              Font shape `OT1/ptm/b/n' tried instead on input line 62.
 <Chapter1/Chapter1Figs/smt.png, id=542, 1405.25pt x 526.96875pt>
File: Chapter1/Chapter1Figs/smt.png Graphic file (type png)

<use Chapter1/Chapter1Figs/smt.png>
Package pdftex.def Info: Chapter1/Chapter1Figs/smt.png used on input line 75.
(pdftex.def)             Requested size: 441.01773pt x 165.37688pt.
 [6]
<Chapter1/Chapter1Figs/intro2nmt.png, id=559, 654.445pt x 171.64125pt>
File: Chapter1/Chapter1Figs/intro2nmt.png Graphic file (type png)

<use Chapter1/Chapter1Figs/intro2nmt.png>
Package pdftex.def Info: Chapter1/Chapter1Figs/intro2nmt.png used on input line
 90.
(pdftex.def)             Requested size: 441.01773pt x 115.66426pt.

<Chapter1/Chapter1Figs/encoder-decoder.png, id=561, 723.70375pt x 151.56625pt>
File: Chapter1/Chapter1Figs/encoder-decoder.png Graphic file (type png)

<use Chapter1/Chapter1Figs/encoder-decoder.png>
Package pdftex.def Info: Chapter1/Chapter1Figs/encoder-decoder.png used on inpu
t line 99.
(pdftex.def)             Requested size: 441.01773pt x 92.36276pt.
 [7 <./Chapter1/Chapter1Figs/smt.png (PNG copy)>] [8 <./Chapter1/Chapter1Figs/i
ntro2nmt.png> <./Chapter1/Chapter1Figs/encoder-decoder.png>] [9]) [10]
\openout2 = `Chapter2/chapter2.aux'.

 (./Chapter2/chapter2.tex
Ch\uhorn \ohorn ng 2.
LaTeX Font Info:    Font shape `T5/ptm/bx/n' in size <19> not available
(Font)              Font shape `T5/ptm/b/n' tried instead on input line 14.
[11



] [12] [13] [14]
<Chapter2/Chapter2Figs/wordembedding.png, id=623, 378.41376pt x 296.10625pt>
File: Chapter2/Chapter2Figs/wordembedding.png Graphic file (type png)

<use Chapter2/Chapter2Figs/wordembedding.png>
Package pdftex.def Info: Chapter2/Chapter2Figs/wordembedding.png used on input 
line 72.
(pdftex.def)             Requested size: 220.50887pt x 172.54597pt.
LaTeX Font Info:    Calculating math sizes for size <11.5> on input line 73.
LaTeX Font Info:    Font shape `OT1/ptm/bx/n' in size <11.5> not available
(Font)              Font shape `OT1/ptm/b/n' tried instead on input line 73.
LaTeX Font Info:    Font shape `OT1/ptm/bx/n' in size <8.51006> not available
(Font)              Font shape `OT1/ptm/b/n' tried instead on input line 73.
LaTeX Font Info:    Font shape `OT1/ptm/bx/n' in size <6.90007> not available
(Font)              Font shape `OT1/ptm/b/n' tried instead on input line 73.
 [15 <./Chapter2/Chapter2Figs/wordembedding.png>]
<Chapter2/Chapter2Figs/fnnlm.png, id=640, 614.295pt x 390.45876pt>
File: Chapter2/Chapter2Figs/fnnlm.png Graphic file (type png)

<use Chapter2/Chapter2Figs/fnnlm.png>
Package pdftex.def Info: Chapter2/Chapter2Figs/fnnlm.png used on input line 83.

(pdftex.def)             Requested size: 352.81552pt x 224.25584pt.
 [16] [17 <./Chapter2/Chapter2Figs/fnnlm.png>]
<Chapter2/Chapter2Figs/onehot-representation.png, id=652, 472.76625pt x 362.353
74pt>
File: Chapter2/Chapter2Figs/onehot-representation.png Graphic file (type png)
 <use Chapter2/Chapter2Figs/onehot-representation.png>
Package pdftex.def Info: Chapter2/Chapter2Figs/onehot-representation.png used o
n input line 97.
(pdftex.def)             Requested size: 352.81552pt x 270.42108pt.
 [18 <./Chapter2/Chapter2Figs/onehot-representation.png>]
<Chapter2/Chapter2Figs/distributed-representation_1.png, id=661, 762.85pt x 245
.91875pt>
File: Chapter2/Chapter2Figs/distributed-representation_1.png Graphic file (type
 png)
 <use Chapter2/Chapter2Figs/distributed-representation_1.png>
Package pdftex.def Info: Chapter2/Chapter2Figs/distributed-representation_1.png
 used on input line 108.
(pdftex.def)             Requested size: 441.01773pt x 142.16766pt.
 [19]
[20 <./Chapter2/Chapter2Figs/distributed-representation_1.png>] [21]
<Chapter2/Chapter2Figs/embeddingmapping.png, id=683, 338.26375pt x 194.7275pt>
File: Chapter2/Chapter2Figs/embeddingmapping.png Graphic file (type png)

<use Chapter2/Chapter2Figs/embeddingmapping.png>
Package pdftex.def Info: Chapter2/Chapter2Figs/embeddingmapping.png used on inp
ut line 142.
(pdftex.def)             Requested size: 264.61333pt x 152.33252pt.
 [22 <./Chapter2/Chapter2Figs/embeddingmapping.png>] [23]
<Chapter2/Chapter2Figs/Embedding_layer.png, id=699, 460.72125pt x 300.12125pt>
File: Chapter2/Chapter2Figs/Embedding_layer.png Graphic file (type png)

<use Chapter2/Chapter2Figs/Embedding_layer.png>
Package pdftex.def Info: Chapter2/Chapter2Figs/Embedding_layer.png used on inpu
t line 176.
(pdftex.def)             Requested size: 396.91325pt x 258.55261pt.
 [24] [25 <./Chapter2/Chapter2Figs/Embedding_layer.png>]
<Chapter2/Chapter2Figs/rnn_loop.png, id=714, 169.63374pt x 283.0575pt>
File: Chapter2/Chapter2Figs/rnn_loop.png Graphic file (type png)

<use Chapter2/Chapter2Figs/rnn_loop.png>
Package pdftex.def Info: Chapter2/Chapter2Figs/rnn_loop.png used on input line 
197.
(pdftex.def)             Requested size: 110.25443pt x 183.97223pt.
LaTeX Font Info:    Font shape `T5/ptm/bx/n' in size <11.5> not available
(Font)              Font shape `T5/ptm/b/n' tried instead on input line 198.
 [26] [27 <./Chapter2/Chapter2Figs/rnn_loop.png>]
<Chapter2/Chapter2Figs/rnn_unrolled.png, id=730, 605.26125pt x 283.0575pt>
File: Chapter2/Chapter2Figs/rnn_unrolled.png Graphic file (type png)

<use Chapter2/Chapter2Figs/rnn_unrolled.png>
Package pdftex.def Info: Chapter2/Chapter2Figs/rnn_unrolled.png used on input l
ine 234.
(pdftex.def)             Requested size: 374.86775pt x 175.31242pt.
 [28 <./Chapter2/Chapter2Figs/rnn_unrolled.png>] [29] [30] [31] [32] [33]
<Chapter2/Chapter2Figs/infomorphing.png, id=792, 819.06pt x 283.0575pt>
File: Chapter2/Chapter2Figs/infomorphing.png Graphic file (type png)

<use Chapter2/Chapter2Figs/infomorphing.png>
Package pdftex.def Info: Chapter2/Chapter2Figs/infomorphing.png used on input l
ine 391.
(pdftex.def)             Requested size: 374.86775pt x 129.55151pt.
 [34 <./Chapter2/Chapter2Figs/infomorphing.png>]
<Chapter2/Chapter2Figs/BPTT.png, id=803, 814.04124pt x 310.15875pt>
File: Chapter2/Chapter2Figs/BPTT.png Graphic file (type png)

<use Chapter2/Chapter2Figs/BPTT.png>
Package pdftex.def Info: Chapter2/Chapter2Figs/BPTT.png used on input line 404.

(pdftex.def)             Requested size: 352.81552pt x 134.42577pt.
 [35 <./Chapter2/Chapter2Figs/BPTT.png>]
[36]
Package hyperref Info: bookmark level for unknown algorithm defaults to 0 on in
put line 448.
 <Chapter2/Chapter2Figs/LSTMcell.png, id=829, 520.94624pt x 414.54875pt>
File: Chapter2/Chapter2Figs/LSTMcell.png Graphic file (type png)

<use Chapter2/Chapter2Figs/LSTMcell.png>
Package pdftex.def Info: Chapter2/Chapter2Figs/LSTMcell.png used on input line 
473.
(pdftex.def)             Requested size: 308.71106pt x 245.6633pt.
 [37] [38 <./Chapter2/Chapter2Figs/LSTMcell.png>] [39] [40]
<Chapter2/Chapter2Figs/infoconst.png, id=867, 819.06pt x 323.2075pt>
File: Chapter2/Chapter2Figs/infoconst.png Graphic file (type png)

<use Chapter2/Chapter2Figs/infoconst.png>
Package pdftex.def Info: Chapter2/Chapter2Figs/infoconst.png used on input line
 520.
(pdftex.def)             Requested size: 374.86775pt x 147.92763pt.
 [41 <./Chapter2/Chapter2Figs/infoconst.png>] <Chapter2/Chapter2Figs/birnn.png,
 id=875, 624.3325pt x 347.2975pt>
File: Chapter2/Chapter2Figs/birnn.png Graphic file (type png)

<use Chapter2/Chapter2Figs/birnn.png>
Package pdftex.def Info: Chapter2/Chapter2Figs/birnn.png used on input line 547
.
(pdftex.def)             Requested size: 308.71106pt x 171.72997pt.
 [42]) [43 <./Chapter2/Chapter2Figs/birnn.png>]
\openout2 = `Chapter3/chapter3.aux'.

 (./Chapter3/chapter3.tex
Ch\uhorn \ohorn ng 3.
LaTeX Font Info:    Font shape `OMS/ptm/m/it' in size <13> not available
(Font)              Font shape `OMS/cmsy/m/n' tried instead on input line 17.
[44



]
<Chapter3/Chapter3Figs/Encoder-Decoder-bi.png, id=897, 793.96625pt x 241.90375p
t>
File: Chapter3/Chapter3Figs/Encoder-Decoder-bi.png Graphic file (type png)
 <use Chapter3/Chapter3Figs/Encoder-Decoder-bi.png>
Package pdftex.def Info: Chapter3/Chapter3Figs/Encoder-Decoder-bi.png used on i
nput line 28.
(pdftex.def)             Requested size: 441.01773pt x 134.37259pt.
 [45] [46 <./Chapter3/Chapter3Figs/Encoder-Decoder-bi.png>] [47] [48]
<Chapter3/Chapter3Figs/Teacher-forcing.png, id=921, 532.99126pt x 241.90375pt>
File: Chapter3/Chapter3Figs/Teacher-forcing.png Graphic file (type png)

<use Chapter3/Chapter3Figs/Teacher-forcing.png>
Package pdftex.def Info: Chapter3/Chapter3Figs/Teacher-forcing.png used on inpu
t line 63.
(pdftex.def)             Requested size: 308.71106pt x 140.11601pt.
 [49 <./Chapter3/Chapter3Figs/Teacher-forcing.png>] [50]
<Chapter3/Chapter3Figs/beam-search.png, id=932, 603.25375pt x 377.41pt>
File: Chapter3/Chapter3Figs/beam-search.png Graphic file (type png)

<use Chapter3/Chapter3Figs/beam-search.png>
Package pdftex.def Info: Chapter3/Chapter3Figs/beam-search.png used on input li
ne 98.
(pdftex.def)             Requested size: 396.91325pt x 248.31392pt.
 [51] [52 <./Chapter3/Chapter3Figs/beam-search.png>] [53]
<Chapter3/Chapter3Figs/Attention-3-bi.png, id=950, 671.50874pt x 495.8525pt>
File: Chapter3/Chapter3Figs/Attention-3-bi.png Graphic file (type png)

<use Chapter3/Chapter3Figs/Attention-3-bi.png>
Package pdftex.def Info: Chapter3/Chapter3Figs/Attention-3-bi.png used on input
 line 115.
(pdftex.def)             Requested size: 352.81552pt x 260.52318pt.
 [54] [55 <./Chapter3/Chapter3Figs/Attention-3-bi.png>] [56]
<Chapter3/Chapter3Figs/Global-Attention_2-bi.png, id=970, 671.50874pt x 501.875
pt>
File: Chapter3/Chapter3Figs/Global-Attention_2-bi.png Graphic file (type png)
 <use Chapter3/Chapter3Figs/Global-Attention_2-bi.png>
Package pdftex.def Info: Chapter3/Chapter3Figs/Global-Attention_2-bi.png used o
n input line 170.
(pdftex.def)             Requested size: 352.81552pt x 263.68742pt.
 [57] [58 <./Chapter3/Chapter3Figs/Global-Attention_2-bi.png>] [59]
<Chapter3/Chapter3Figs/Local-Attention_2-bi.png, id=994, 671.50874pt x 495.8525
pt>
File: Chapter3/Chapter3Figs/Local-Attention_2-bi.png Graphic file (type png)
 <use Chapter3/Chapter3Figs/Local-Attention_2-bi.png>
Package pdftex.def Info: Chapter3/Chapter3Figs/Local-Attention_2-bi.png used on
 input line 201.
(pdftex.def)             Requested size: 352.81552pt x 260.52318pt.
 [60] [61 <./Chapter3/Chapter3Figs/Local-Attention_2-bi.png>] [62]
<Chapter3/Chapter3Figs/Input-feeding_3-bi.png, id=1014, 671.50874pt x 495.8525p
t>
File: Chapter3/Chapter3Figs/Input-feeding_3-bi.png Graphic file (type png)
 <use Chapter3/Chapter3Figs/Input-feeding_3-bi.png>
Package pdftex.def Info: Chapter3/Chapter3Figs/Input-feeding_3-bi.png used on i
nput line 238.
(pdftex.def)             Requested size: 352.81552pt x 260.52318pt.
 [63] [64 <./Chapter3/Chapter3Figs/Input-feeding_3-bi.png>] [65]
<Chapter3/Chapter3Figs/unk-rpl-example.png, id=1036, 282.05376pt x 181.67876pt>
File: Chapter3/Chapter3Figs/unk-rpl-example.png Graphic file (type png)
<use Chapter3/Chapter3Figs/unk-rpl-example.png>
Package pdftex.def Info: Chapter3/Chapter3Figs/unk-rpl-example.png used on inpu
t line 261.
(pdftex.def)             Requested size: 220.50887pt x 142.03874pt.
) [66] [67 <./Chapter3/Chapter3Figs/unk-rpl-example.png>]
\openout2 = `Chapter4/chapter4.aux'.

 (./Chapter4/chapter4.tex
Ch\uhorn \ohorn ng 4.
[68



] [69] [70]
Overfull \hbox (17.09111pt too wide) in paragraph at lines 62--80
 [][] 
 []

[71] [72]
<Chapter4/Chapter4Figs/train_valid_xent_ppl_scaled_retrain.png, id=1078, 1184.4
25pt x 1167.36125pt>
File: Chapter4/Chapter4Figs/train_valid_xent_ppl_scaled_retrain.png Graphic fil
e (type png)

<use Chapter4/Chapter4Figs/train_valid_xent_ppl_scaled_retrain.png>
Package pdftex.def Info: Chapter4/Chapter4Figs/train_valid_xent_ppl_scaled_retr
ain.png used on input line 97.
(pdftex.def)             Requested size: 441.01773pt x 434.66003pt.

Overfull \hbox (11.79816pt too wide) in paragraph at lines 111--133
 [][] 
 []

[73] [74 <./Chapter4/Chapter4Figs/train_valid_xent_ppl_scaled_retrain.png>]
[75]
<Chapter4/Chapter4Figs/en-de_attn-weights_31.PNG, id=1099, 338.76563pt x 176.91
093pt>
File: Chapter4/Chapter4Figs/en-de_attn-weights_31.PNG Graphic file (type png)
 <use Chapter4/Chapter4Figs/en-de_attn-weights_31.PNG>
Package pdftex.def Info: Chapter4/Chapter4Figs/en-de_attn-weights_31.PNG used o
n input line 150.
(pdftex.def)             Requested size: 396.91325pt x 207.28458pt.
 [76 <./Chapter4/Chapter4Figs/en-de_attn-weights_31.PNG>] [77]
<Chapter4/Chapter4Figs/en-vi_attn-weights_25.PNG, id=1113, 562.35094pt x 316.93
407pt>
File: Chapter4/Chapter4Figs/en-vi_attn-weights_25.PNG Graphic file (type png)
 <use Chapter4/Chapter4Figs/en-vi_attn-weights_25.PNG>
Package pdftex.def Info: Chapter4/Chapter4Figs/en-vi_attn-weights_25.PNG used o
n input line 200.
(pdftex.def)             Requested size: 441.01773pt x 248.55199pt.
 [78]
<Chapter4/Chapter4Figs/en-vi_attn-weights_68.PNG, id=1119, 409.53pt x 258.21469
pt>
File: Chapter4/Chapter4Figs/en-vi_attn-weights_68.PNG Graphic file (type png)
 <use Chapter4/Chapter4Figs/en-vi_attn-weights_68.PNG>
Package pdftex.def Info: Chapter4/Chapter4Figs/en-vi_attn-weights_68.PNG used o
n input line 207.
(pdftex.def)             Requested size: 441.01773pt x 278.08757pt.
) [79 <./Chapter4/Chapter4Figs/en-vi_attn-weights_25.PNG>] [80 <./Chapter4/Chap
ter4Figs/en-vi_attn-weights_68.PNG>]
\openout2 = `Chapter5/chapter5.aux'.

 (./Chapter5/chapter5.tex
Ch\uhorn \ohorn ng 5.
[81



] [82]) [83]
\openout2 = `Appendix/appendix.aux'.

 (./Appendix/appendix.tex) (./Thesis.bbl (./Thesis.brf)
\tf@brf=\write8
\openout8 = `Thesis.brf'.


Underfull \hbox (badness 1859) in paragraph at lines 54--54
[]\T5/ptm/m/n/13 K. Cho, B. van Mer-rien-boer, C. Gul-cehre, D. Bah-danau, F. B
ougares,
 []


Underfull \hbox (badness 1052) in paragraph at lines 54--54
\T5/ptm/m/n/13 H. Schwenk, and Y. Ben-gio, ``Learn-ing phrase rep-re-sen-ta-tio
ns us-ing rnn
 []

[84




]
Underfull \hbox (badness 4048) in paragraph at lines 80--80
[]\T5/ptm/m/n/13 J. Good-man, ``A bit of progress in lan-guage mod-el-ing,'' \T
5/ptm/m/it/13 CoRR\T5/ptm/m/n/13 , vol.
 []

[85] [86] [87])
Package atveryend Info: Empty hook `BeforeClearDocument' on input line 197.
 [88]
Package atveryend Info: Empty hook `AfterLastShipout' on input line 197.
 (./Thesis.aux (./Abstract/abstract.aux)
(./Chapter1/chapter1.aux) (./Chapter2/chapter2.aux) (./Chapter3/chapter3.aux)
(./Chapter4/chapter4.aux) (./Chapter5/chapter5.aux) (./Appendix/appendix.aux))
Package atveryend Info: Executing hook `AtVeryEndDocument' on input line 197.
Package atveryend Info: Executing hook `AtEndAfterFileList' on input line 197.
Package rerunfilecheck Info: File `Thesis.out' has not changed.
(rerunfilecheck)             Checksum: 3771E6F55A8A9BC09C9B2CE925D4650E;9950.
Package rerunfilecheck Info: File `Thesis.brf' has not changed.
(rerunfilecheck)             Checksum: 2AD3FFADFECF53286A36062B68321810;3607.
Package atveryend Info: Empty hook `AtVeryVeryEnd' on input line 197.
 ) 
Here is how much of TeX's memory you used:
 19933 strings out of 493029
 292376 string characters out of 6136233
 433082 words of memory out of 5000000
 22636 multiletter control sequences out of 15000+600000
 100724 words of font info for 181 fonts, out of 8000000 for 9000
 1141 hyphenation exceptions out of 8191
 46i,23n,79p,2227b,528s stack positions out of 5000i,500n,10000p,200000b,80000s
pdfTeX warning (dest): name{Hfootnote.1} has been referenced but does not exi
st, replaced by a fixed one

{/usr/share/texlive/texmf-dist/fonts/enc/dvips/base/8r.enc}{/usr/share/texlive/
texmf-dist/fonts/enc/dvips/vntex/t5.enc}</usr/share/texlive/texmf-dist/fonts/ty
pe1/public/amsfonts/cm/cmex10.pfb></usr/share/texlive/texmf-dist/fonts/type1/pu
blic/amsfonts/cm/cmmi10.pfb></usr/share/texlive/texmf-dist/fonts/type1/public/a
msfonts/cm/cmr10.pfb></usr/share/texlive/texmf-dist/fonts/type1/public/amsfonts
/cm/cmsy10.pfb></usr/share/texlive/texmf-dist/fonts/type1/public/amsfonts/symbo
ls/msbm10.pfb></usr/share/texlive/texmf-dist/fonts/type1/urw/symbol/usyr.pfb></
usr/share/texlive/texmf-dist/fonts/type1/urw/symbol/usyr.pfb></usr/share/texliv
e/texmf-dist/fonts/type1/vntex/urwvn/utmb8v.pfb></usr/share/texlive/texmf-dist/
fonts/type1/urw/times/utmr8a.pfb></usr/share/texlive/texmf-dist/fonts/type1/vnt
ex/urwvn/utmr8v.pfb></usr/share/texlive/texmf-dist/fonts/type1/urw/times/utmri8
a.pfb></usr/share/texlive/texmf-dist/fonts/type1/vntex/urwvn/utmri8v.pfb></usr/
share/texlive/texmf-dist/fonts/type1/vntex/vnr/vntt12.pfb>
Output written on Thesis.pdf (104 pages, 3677061 bytes).
PDF statistics:
 1344 PDF objects out of 1440 (max. 8388607)
 1114 compressed objects within 12 object streams
 286 named destinations out of 1000 (max. 500000)
 598 words of extra memory for PDF output out of 10000 (max. 10000000)

