\BOOKMARK [0][]{chapter*.1}{\376\377\000L\036\334\000I\000\040\000C\036\242\000M\000\040\001\240\000N}{}% 1
<<<<<<< HEAD
\BOOKMARK [0][]{chapter*.1}{\376\377\000M\036\344\000C\000\040\000L\036\344\000C}{}% 2
\BOOKMARK [0][]{chapter*.1}{\376\377\000D\000A\000N\000H\000\040\000M\036\344\000C\000\040\000H\000\314\000N\000H\000\040\036\242\000N\000H}{}% 3
\BOOKMARK [0][]{chapter*.1}{\376\377\000D\000A\000N\000H\000\040\000M\036\344\000C\000\040\000B\036\242\000N\000G}{}% 4
\BOOKMARK [0][]{chapter.1}{\376\377\0001\000\040\000G\000i\036\333\000i\000\040\000t\000h\000i\036\307\000u\000\040}{}% 5
\BOOKMARK [1][]{section.1.1}{\376\377\0001\000.\0001\000\040\000C\000\341\000c\000\040\000p\000h\001\260\001\241\000n\000g\000\040\000p\000h\000\341\000p\000\040\000D\036\313\000c\000h\000\040\000m\000\341\000y}{chapter.1}% 6
\BOOKMARK [1][]{section.1.2}{\376\377\0001\000.\0002\000\040\000D\036\313\000c\000h\000\040\000m\000\341\000y\000\040\000N\001\241\000-\000r\000o\000n}{chapter.1}% 7
\BOOKMARK [1][]{section.1.3}{\376\377\0001\000.\0003\000\040\000C\036\245\000u\000\040\000t\000r\000\372\000c\000\040\000c\036\347\000a\000\040\000k\000h\000\363\000a\000\040\000l\000u\036\255\000n}{chapter.1}% 8
\BOOKMARK [0][]{chapter.2}{\376\377\0002\000\040\000K\000i\036\277\000n\000\040\000T\000h\036\351\000c\000\040\000N\036\301\000n\000\040\000T\036\243\000n\000g}{}% 9
\BOOKMARK [1][]{section.2.1}{\376\377\0002\000.\0001\000\040\000M\036\241\000n\000g\000\040\000n\001\241\000-\000r\000o\000n\000\040\000h\036\323\000i\000\040\000q\000u\000y\000\040\000\050\000R\000e\000c\000u\000r\000r\000e\000n\000t\000\040\000n\000e\000u\000r\000a\000l\000\040\000n\000e\000t\000w\000o\000r\000k\000\051}{chapter.2}% 10
\BOOKMARK [2][]{subsection.2.1.1}{\376\377\0002\000.\0001\000.\0001\000\040\000H\000u\036\245\000n\000\040\000l\000u\000y\036\307\000n\000\040\000m\036\241\000n\000g\000\040\000n\001\241\000-\000r\000o\000n\000\040\000h\036\323\000i\000\040\000q\000u\000y}{section.2.1}% 11
\BOOKMARK [2][]{subsection.2.1.2}{\376\377\0002\000.\0001\000.\0002\000\040\000K\000h\000\363\000\040\000k\000h\001\003\000n\000\040\000t\000r\000o\000n\000g\000\040\000v\000i\036\307\000c\000\040\000h\000u\036\245\000n\000\040\000l\000u\000y\036\307\000n\000\040\000R\000N\000N}{section.2.1}% 12
\BOOKMARK [1][]{section.2.2}{\376\377\0002\000.\0002\000\040\000L\000o\000n\000g\000\040\000s\000h\000o\000r\000t\000-\000t\000e\000r\000m\000\040\000m\000e\000m\000o\000r\000y}{chapter.2}% 13
\BOOKMARK [1][]{section.2.3}{\376\377\0002\000.\0003\000\040\000M\000\364\000\040\000h\000\354\000n\000h\000\040\000n\000g\000\364\000n\000\040\000n\000g\036\357}{chapter.2}% 14
=======
\BOOKMARK [0][]{chapter*.1}{\376\377\001\020\036\300\000\040\000C\001\257\001\240\000N\000G\000\040\000C\000H\000I\000\040\000T\000I\036\276\000T}{}% 2
\BOOKMARK [0][]{chapter*.2}{\376\377\000T\000\323\000M\000\040\000T\036\256\000T}{}% 3
\BOOKMARK [0][]{chapter*.2}{\376\377\000M\036\344\000C\000\040\000L\036\344\000C}{}% 4
\BOOKMARK [0][]{chapter*.2}{\376\377\000D\000A\000N\000H\000\040\000M\036\344\000C\000\040\000H\000\314\000N\000H\000\040\036\242\000N\000H}{}% 5
\BOOKMARK [0][]{chapter*.2}{\376\377\000D\000A\000N\000H\000\040\000M\036\344\000C\000\040\000B\036\242\000N\000G}{}% 6
\BOOKMARK [0][]{chapter*.3}{\376\377\000D\000A\000N\000H\000\040\000M\036\344\000C\000\040\000T\000H\000U\036\254\000T\000\040\000N\000G\036\356\000\040\000V\000I\036\276\000T\000\040\000T\036\256\000T}{}% 7
\BOOKMARK [0][]{chapter*.5}{\376\377\000K\000\335\000\040\000H\000I\036\306\000U\000-\000Q\000U\000Y\000\040\001\257\036\332\000C}{}% 8
\BOOKMARK [0][]{chapter.1}{\376\377\0001\000\040\000G\000i\036\333\000i\000\040\000t\000h\000i\036\307\000u\000\040}{}% 9
\BOOKMARK [0][]{chapter.2}{\376\377\0002\000\040\000K\000i\036\277\000n\000\040\000t\000h\036\351\000c\000\040\000n\036\301\000n\000\040\000t\036\243\000n\000g}{}% 10
\BOOKMARK [1][]{section.2.1}{\376\377\0002\000.\0001\000\040\000M\000\364\000\040\000h\000\354\000n\000h\000\040\000n\000g\000\364\000n\000\040\000n\000g\036\357}{chapter.2}% 11
\BOOKMARK [1][]{section.2.2}{\376\377\0002\000.\0002\000\040\000B\000i\036\303\000u\000\040\000d\000i\036\305\000n\000\040\000t\036\353\000\040\000t\000r\000o\000n\000g\000\040\000m\036\241\000n\000g\000\040\000h\036\315\000c\000\040\000s\000\342\000u}{chapter.2}% 12
\BOOKMARK [1][]{section.2.3}{\376\377\0002\000.\0003\000\040\000M\036\241\000n\000g\000\040\000n\001\241\000-\000r\000o\000n\000\040\000h\036\323\000i\000\040\000q\000u\000y\000\040\000\050\000R\000e\000c\000u\000r\000r\000e\000n\000t\000\040\000n\000e\000u\000r\000a\000l\000\040\000n\000e\000t\000w\000o\000r\000k\000\051}{chapter.2}% 13
\BOOKMARK [2][]{subsection.2.3.1}{\376\377\0002\000.\0003\000.\0001\000\040\000H\000u\036\245\000n\000\040\000l\000u\000y\036\307\000n\000\040\000m\036\241\000n\000g\000\040\000n\001\241\000-\000r\000o\000n\000\040\000h\036\323\000i\000\040\000q\000u\000y}{section.2.3}% 14
\BOOKMARK [2][]{subsection.2.3.2}{\376\377\0002\000.\0003\000.\0002\000\040\000T\000h\000\341\000c\000h\000\040\000t\000h\036\351\000c\000\040\000t\000r\000o\000n\000g\000\040\000v\000i\036\307\000c\000\040\000h\036\315\000c\000\040\000c\000\341\000c\000\040\000p\000h\036\345\000\040\000t\000h\000u\036\331\000c\000\040\000d\000\340\000i\000\040\000h\036\241\000n}{section.2.3}% 15
\BOOKMARK [1][]{section.2.4}{\376\377\0002\000.\0004\000\040\000L\000o\000n\000g\000\040\000s\000h\000o\000r\000t\000-\000t\000e\000r\000m\000\040\000m\000e\000m\000o\000r\000y\000\040\000\050\000L\000S\000T\000M\000\051}{chapter.2}% 16
\BOOKMARK [2][]{subsection.2.4.1}{\376\377\0002\000.\0004\000.\0001\000\040\000M\036\241\000n\000g\000\040\000n\001\241\000-\000r\000o\000n\000\040\000h\036\323\000i\000\040\000q\000u\000y\000\040\000h\000a\000i\000\040\000c\000h\000i\036\301\000u}{section.2.4}% 17
\BOOKMARK [0][]{chapter.3}{\376\377\0003\000\040\000D\036\313\000c\000h\000\040\000m\000\341\000y\000\040\000b\036\261\000n\000g\000\040\000m\000\364\000\040\000h\000\354\000n\000h\000\040\000h\036\315\000c\000\040\000L\000S\000T\000M\000-\000A\000t\000t\000e\000n\000t\000i\000o\000n}{}% 18
\BOOKMARK [1][]{section.3.1}{\376\377\0003\000.\0001\000\040\000M\000\364\000\040\000h\000\354\000n\000h\000\040\000h\036\315\000c\000\040\000L\000S\000T\000M\000\040\000c\000h\000o\000\040\000b\000\340\000i\000\040\000t\000o\000\341\000n\000\040\000D\036\313\000c\000h\000\040\000m\000\341\000y}{chapter.3}% 19
\BOOKMARK [2][]{subsection.3.1.1}{\376\377\0003\000.\0001\000.\0001\000\040\000B\036\331\000\040\000m\000\343\000\040\000h\000\363\000a}{section.3.1}% 20
\BOOKMARK [2][]{subsection.3.1.2}{\376\377\0003\000.\0001\000.\0002\000\040\000B\036\331\000\040\000g\000i\036\243\000i\000\040\000m\000\343}{section.3.1}% 21
\BOOKMARK [2][]{subsection.3.1.3}{\376\377\0003\000.\0001\000.\0003\000\040\000H\000u\036\245\000n\000\040\000l\000u\000y\036\307\000n\000\040\000m\000\364\000\040\000h\000\354\000n\000h}{section.3.1}% 22
\BOOKMARK [1][]{section.3.2}{\376\377\0003\000.\0002\000\040\000M\000\364\000\040\000h\000\354\000n\000h\000\040\000h\036\315\000c\000\040\000L\000S\000T\000M\000-\000A\000t\000t\000e\000n\000t\000i\000o\000n\000\040\000c\000h\000o\000\040\000b\000\340\000i\000\040\000t\000o\000\341\000n\000\040\000D\036\313\000c\000h\000\040\000m\000\341\000y}{chapter.3}% 23
\BOOKMARK [2][]{subsection.3.2.1}{\376\377\0003\000.\0002\000.\0001\000\040\000C\001\241\000\040\000c\000h\036\277\000\040\000A\000t\000t\000e\000n\000t\000i\000o\000n}{section.3.2}% 24
\BOOKMARK [2][]{subsection.3.2.2}{\376\377\0003\000.\0002\000.\0002\000\040\000A\000t\000t\000e\000n\000t\000i\000o\000n\000\040\000T\000o\000\340\000n\000\040\000c\036\345\000c}{section.3.2}% 25
\BOOKMARK [2][]{subsection.3.2.3}{\376\377\0003\000.\0002\000.\0003\000\040\000A\000t\000t\000e\000n\000t\000i\000o\000n\000\040\000C\036\345\000c\000\040\000b\036\331}{section.3.2}% 26
\BOOKMARK [2][]{subsection.3.2.4}{\376\377\0003\000.\0002\000.\0004\000\040\000P\000h\001\260\001\241\000n\000g\000\040\000p\000h\000\341\000p\000\040\000I\000n\000p\000u\000t\000\040\000f\000e\000e\000d\000i\000n\000g}{section.3.2}% 27
\BOOKMARK [2][]{subsection.3.2.5}{\376\377\0003\000.\0002\000.\0005\000\040\000K\001\051\000\040\000t\000h\000u\036\255\000t\000\040\000t\000h\000a\000y\000\040\000t\000h\036\277\000\040\000t\036\353\000\040\000h\000i\036\277\000m}{section.3.2}% 28
\BOOKMARK [0][]{chapter.4}{\376\377\0004\000\040\000C\000\341\000c\000\040\000k\036\277\000t\000\040\000q\000u\036\243\000\040\000t\000h\036\361\000c\000\040\000n\000g\000h\000i\036\307\000m}{}% 29
\BOOKMARK [1][]{section.4.1}{\376\377\0004\000.\0001\000\040\000K\036\277\000t\000\040\000q\000u\036\243\000\040\000t\000h\036\361\000c\000\040\000n\000g\000h\000i\036\307\000m\000\040\000t\000r\000\352\000n\000\040\000t\036\255\000p\000\040\000d\036\357\000\040\000l\000i\036\307\000u\000\040\000A\000n\000h\000-\001\020\036\351\000c}{chapter.4}% 30
\BOOKMARK [2][]{subsection.4.1.1}{\376\377\0004\000.\0001\000.\0001\000\040\000C\000\341\000c\000\040\000t\000h\000i\036\277\000t\000\040\000l\036\255\000p\000\040\000t\000h\036\361\000c\000\040\000n\000g\000h\000i\036\307\000m}{section.4.1}% 31
\BOOKMARK [2][]{subsection.4.1.2}{\376\377\0004\000.\0001\000.\0002\000\040\000K\000h\000\364\000n\000g\000\040\000s\036\355\000\040\000d\036\345\000n\000g\000\040\000A\000t\000t\000e\000n\000t\000i\000o\000n\000\040\000v\000\340\000\040\000c\000\363\000\040\000s\036\355\000\040\000d\036\345\000n\000g\000\040\000A\000t\000t\000e\000n\000t\000i\000o\000n}{section.4.1}% 32
\BOOKMARK [2][]{subsection.4.1.3}{\376\377\0004\000.\0001\000.\0003\000\040\000G\000i\036\357\000a\000\040\000c\000\341\000c\000\040\000m\000\364\000\040\000h\000\354\000n\000h\000\040\000A\000t\000t\000e\000n\000t\000i\000o\000n\000\040\000v\036\333\000i\000\040\000n\000h\000a\000u}{section.4.1}% 33
\BOOKMARK [2][]{subsection.4.1.4}{\376\377\0004\000.\0001\000.\0004\000\040\000P\000h\000\342\000n\000\040\000t\000\355\000c\000h\000\040\001\021\001\260\036\335\000n\000g\000\040\000c\000o\000n\000g\000\040\000h\036\315\000c}{section.4.1}% 34
\BOOKMARK [2][]{subsection.4.1.5}{\376\377\0004\000.\0001\000.\0005\000\040\000S\000o\000\040\000s\000\341\000n\000h\000\040\000v\036\333\000i\000\040\000k\036\277\000t\000\040\000q\000u\036\243\000\040\000c\036\347\000a\000\040\000b\000\340\000i\000\040\000b\000\341\000o}{section.4.1}% 35
\BOOKMARK [2][]{subsection.4.1.6}{\376\377\0004\000.\0001\000.\0006\000\040\000C\000h\036\245\000t\000\040\000l\001\260\036\343\000n\000g\000\040\000g\000i\000\363\000n\000g\000\040\000h\000\340\000n\000g\000\040\000c\036\347\000a\000\040\000m\000\364\000\040\000h\000\354\000n\000h}{section.4.1}% 36
\BOOKMARK [1][]{section.4.2}{\376\377\0004\000.\0002\000\040\000K\036\277\000t\000\040\000q\000u\036\243\000\040\000t\000h\036\361\000c\000\040\000n\000g\000h\000i\036\307\000m\000\040\000t\000r\000\352\000n\000\040\000t\036\255\000p\000\040\000d\036\357\000\040\000l\000i\036\307\000u\000\040\000A\000n\000h\000-\000V\000i\036\307\000t}{chapter.4}% 37
\BOOKMARK [2][]{subsection.4.2.1}{\376\377\0004\000.\0002\000.\0001\000\040\000C\000\341\000c\000\040\000t\000h\000i\036\277\000t\000\040\000l\036\255\000p\000\040\000t\000h\036\361\000c\000\040\000n\000g\000h\000i\036\307\000m}{section.4.2}% 38
\BOOKMARK [2][]{subsection.4.2.2}{\376\377\0004\000.\0002\000.\0002\000\040\000K\036\277\000t\000\040\000q\000u\036\243\000\040\000t\000r\000\352\000n\000\040\000c\000\341\000c\000\040\001\021\036\331\000\040\001\021\000o}{section.4.2}% 39
\BOOKMARK [2][]{subsection.4.2.3}{\376\377\0004\000.\0002\000.\0003\000\040\000C\000h\036\245\000t\000\040\000l\001\260\036\343\000n\000g\000\040\000g\000i\000\363\000n\000g\000\040\000h\000\340\000n\000g\000\040\000c\036\347\000a\000\040\000m\000\364\000\040\000h\000\354\000n\000h}{section.4.2}% 40
\BOOKMARK [0][]{chapter.5}{\376\377\0005\000\040\000K\036\277\000t\000\040\000l\000u\036\255\000n\000\040\000v\000\340\000\040\000h\001\260\036\333\000n\000g\000\040\000p\000h\000\341\000t\000\040\000t\000r\000i\036\303\000n}{}% 41
\BOOKMARK [1][]{section.5.1}{\376\377\0005\000.\0001\000\040\000K\036\277\000t\000\040\000l\000u\036\255\000n}{chapter.5}% 42
\BOOKMARK [1][]{section.5.2}{\376\377\0005\000.\0002\000\040\000H\001\260\036\333\000n\000g\000\040\000p\000h\000\341\000t\000\040\000t\000r\000i\036\303\000n}{chapter.5}% 43
\BOOKMARK [0][]{chapter*.40}{\376\377\000T\000\300\000I\000\040\000L\000I\036\306\000U\000\040\000T\000H\000A\000M\000\040\000K\000H\036\242\000O}{}% 44
>>>>>>> attention
